info: ::1 - - [24/Apr/2022:07:21:01 +0000] "POST /api/v1/users/forgot HTTP/1.1" 500 71 "-" "PostmanRuntime/7.29.0"

info: ::1 - - [24/Apr/2022:07:22:25 +0000] "POST /api/v1/users/forgot HTTP/1.1" 500 71 "-" "PostmanRuntime/7.29.0"

info: ::1 - - [24/Apr/2022:07:24:12 +0000] "POST /api/v1/users/forgot HTTP/1.1" 500 58 "-" "PostmanRuntime/7.29.0"

info: ::1 - - [24/Apr/2022:07:29:09 +0000] "POST /api/v1/users/forgot HTTP/1.1" 500 22 "-" "PostmanRuntime/7.29.0"

info: ::1 - - [24/Apr/2022:07:32:12 +0000] "POST /api/v1/users/userregister HTTP/1.1" 400 84 "-" "PostmanRuntime/7.29.0"

info: ::1 - - [24/Apr/2022:07:32:32 +0000] "POST /api/v1/users/userregister HTTP/1.1" 201 340 "-" "PostmanRuntime/7.29.0"

info: ::1 - - [24/Apr/2022:07:32:50 +0000] "POST /api/v1/users/login HTTP/1.1" 200 240 "-" "PostmanRuntime/7.29.0"

info: ::1 - - [24/Apr/2022:07:33:03 +0000] "POST /api/v1/users/forgot HTTP/1.1" 500 22 "-" "PostmanRuntime/7.29.0"

info: ::1 - - [24/Apr/2022:07:34:08 +0000] "POST /api/v1/users/forgot HTTP/1.1" 500 22 "-" "PostmanRuntime/7.29.0"

info: ::1 - - [24/Apr/2022:08:08:52 +0000] "POST /api/v1/book HTTP/1.1" 201 260 "-" "PostmanRuntime/7.29.0"

info: ::1 - - [24/Apr/2022:08:09:05 +0000] "GET /api/v1/book HTTP/1.1" 200 268 "-" "PostmanRuntime/7.29.0"

info: ::1 - - [24/Apr/2022:08:10:27 +0000] "POST /api/v1/book HTTP/1.1" 409 51 "-" "PostmanRuntime/7.29.0"

info: ::1 - - [24/Apr/2022:08:10:37 +0000] "GET /api/v1/book HTTP/1.1" 200 268 "-" "PostmanRuntime/7.29.0"

info: ::1 - - [24/Apr/2022:08:11:07 +0000] "POST /api/v1/book HTTP/1.1" 201 260 "-" "PostmanRuntime/7.29.0"

info: ::1 - - [24/Apr/2022:08:11:19 +0000] "GET /api/v1/book HTTP/1.1" 200 472 "-" "PostmanRuntime/7.29.0"

info: ::1 - - [24/Apr/2022:08:25:35 +0000] "POST /api/v1/users/userregister HTTP/1.1" 400 84 "-" "PostmanRuntime/7.29.0"

info: ::1 - - [24/Apr/2022:08:25:56 +0000] "POST /api/v1/users/userregister HTTP/1.1" 201 352 "-" "PostmanRuntime/7.29.0"

info: ::1 - - [24/Apr/2022:08:26:10 +0000] "POST /api/v1/users/login HTTP/1.1" 200 253 "-" "PostmanRuntime/7.29.0"

info: ::1 - - [24/Apr/2022:08:27:20 +0000] "POST /api/v1/book HTTP/1.1" 201 255 "-" "PostmanRuntime/7.29.0"

info: ::1 - - [24/Apr/2022:08:28:38 +0000] "GET /api/v1/book HTTP/1.1" 200 671 "-" "PostmanRuntime/7.29.0"

info: ::1 - - [24/Apr/2022:08:32:16 +0000] "GET /api/v1/book HTTP/1.1" 200 671 "-" "PostmanRuntime/7.29.0"

info: ::1 - - [24/Apr/2022:08:33:30 +0000] "GET /api/v1/book HTTP/1.1" 200 671 "-" "PostmanRuntime/7.29.0"

info: ::1 - - [24/Apr/2022:08:37:31 +0000] "GET /api/v1/book HTTP/1.1" 200 671 "-" "PostmanRuntime/7.29.0"

info: ::1 - - [24/Apr/2022:08:38:26 +0000] "POST /api/v1/users/userregister HTTP/1.1" 201 340 "-" "PostmanRuntime/7.29.0"

info: ::1 - - [24/Apr/2022:08:38:37 +0000] "POST /api/v1/users/login HTTP/1.1" 200 241 "-" "PostmanRuntime/7.29.0"

info: ::1 - - [24/Apr/2022:08:39:07 +0000] "GET /api/v1/book HTTP/1.1" 200 671 "-" "PostmanRuntime/7.29.0"

info: ::1 - - [24/Apr/2022:08:41:24 +0000] "GET /api/v1/book HTTP/1.1" 204 - "-" "PostmanRuntime/7.29.0"

info: ::1 - - [24/Apr/2022:08:42:12 +0000] "POST /api/v1/book HTTP/1.1" 201 259 "-" "PostmanRuntime/7.29.0"

info: ::1 - - [24/Apr/2022:08:42:22 +0000] "GET /api/v1/book HTTP/1.1" 204 - "-" "PostmanRuntime/7.29.0"

info: ::1 - - [24/Apr/2022:08:43:13 +0000] "GET /api/v1/book HTTP/1.1" 200 874 "-" "PostmanRuntime/7.29.0"

info: ::1 - - [24/Apr/2022:08:44:49 +0000] "GET /api/v1/book HTTP/1.1" 500 57 "-" "PostmanRuntime/7.29.0"

info: ::1 - - [24/Apr/2022:08:45:31 +0000] "GET /api/v1/book HTTP/1.1" 204 - "-" "PostmanRuntime/7.29.0"

info: ::1 - - [24/Apr/2022:08:46:15 +0000] "GET /api/v1/book HTTP/1.1" 204 - "-" "PostmanRuntime/7.29.0"

info: ::1 - - [24/Apr/2022:08:47:12 +0000] "POST /api/v1/book HTTP/1.1" 400 88 "-" "PostmanRuntime/7.29.0"

info: ::1 - - [24/Apr/2022:08:49:25 +0000] "POST /api/v1/book HTTP/1.1" 400 88 "-" "PostmanRuntime/7.29.0"

info: ::1 - - [24/Apr/2022:08:49:44 +0000] "POST /api/v1/book HTTP/1.1" 400 88 "-" "PostmanRuntime/7.29.0"

info: ::1 - - [24/Apr/2022:08:50:22 +0000] "POST /api/v1/book HTTP/1.1" 400 86 "-" "PostmanRuntime/7.29.0"

info: ::1 - - [24/Apr/2022:08:51:02 +0000] "POST /api/v1/book HTTP/1.1" 409 51 "-" "PostmanRuntime/7.29.0"

info: ::1 - - [24/Apr/2022:08:51:13 +0000] "GET /api/v1/book HTTP/1.1" 200 874 "-" "PostmanRuntime/7.29.0"

info: ::1 - - [24/Apr/2022:08:56:41 +0000] "GET /api/v1/book HTTP/1.1" 204 - "-" "PostmanRuntime/7.29.0"

info: ::1 - - [24/Apr/2022:08:59:56 +0000] "GET /api/v1/book HTTP/1.1" 204 - "-" "PostmanRuntime/7.29.0"

info: ::1 - - [24/Apr/2022:09:00:02 +0000] "POST /api/v1/book HTTP/1.1" 409 51 "-" "PostmanRuntime/7.29.0"

info: ::1 - - [24/Apr/2022:09:00:42 +0000] "POST /api/v1/book HTTP/1.1" 201 257 "-" "PostmanRuntime/7.29.0"

info: ::1 - - [24/Apr/2022:09:00:59 +0000] "GET /api/v1/book HTTP/1.1" 204 - "-" "PostmanRuntime/7.29.0"

info: ::1 - - [24/Apr/2022:09:01:53 +0000] "GET /api/v1/book HTTP/1.1" 204 - "-" "PostmanRuntime/7.29.0"

info: ::1 - - [24/Apr/2022:09:03:58 +0000] "GET /api/v1/book HTTP/1.1" 204 - "-" "PostmanRuntime/7.29.0"

info: ::1 - - [24/Apr/2022:09:05:39 +0000] "GET /api/v1/book HTTP/1.1" 204 - "-" "PostmanRuntime/7.29.0"

