info: ::1 - - [23/Apr/2022:03:03:01 +0000] "POST /api/v1/userregister HTTP/1.1" 404 47 "-" "PostmanRuntime/7.29.0"

info: ::1 - - [23/Apr/2022:03:03:44 +0000] "POST /api/v1/userregister HTTP/1.1" 404 47 "-" "PostmanRuntime/7.29.0"

info: ::1 - - [23/Apr/2022:03:04:24 +0000] "POST /api/v1/users/userregister HTTP/1.1" 400 87 "-" "PostmanRuntime/7.29.0"

info: ::1 - - [23/Apr/2022:03:05:31 +0000] "POST /api/v1/users/userregister HTTP/1.1" 409 62 "-" "PostmanRuntime/7.29.0"

info: ::1 - - [23/Apr/2022:03:10:25 +0000] "POST /api/v1/users/userregister HTTP/1.1" 201 341 "-" "PostmanRuntime/7.29.0"

info: ::1 - - [23/Apr/2022:16:49:50 +0000] "POST /api/v1/users/login HTTP/1.1" 200 239 "-" "PostmanRuntime/7.29.0"

info: ::1 - - [24/Apr/2022:07:21:01 +0000] "POST /api/v1/users/forgot HTTP/1.1" 500 71 "-" "PostmanRuntime/7.29.0"

info: ::1 - - [24/Apr/2022:07:22:25 +0000] "POST /api/v1/users/forgot HTTP/1.1" 500 71 "-" "PostmanRuntime/7.29.0"

info: ::1 - - [24/Apr/2022:07:24:12 +0000] "POST /api/v1/users/forgot HTTP/1.1" 500 58 "-" "PostmanRuntime/7.29.0"

info: ::1 - - [24/Apr/2022:07:29:09 +0000] "POST /api/v1/users/forgot HTTP/1.1" 500 22 "-" "PostmanRuntime/7.29.0"

info: ::1 - - [24/Apr/2022:07:32:12 +0000] "POST /api/v1/users/userregister HTTP/1.1" 400 84 "-" "PostmanRuntime/7.29.0"

info: ::1 - - [24/Apr/2022:07:32:32 +0000] "POST /api/v1/users/userregister HTTP/1.1" 201 340 "-" "PostmanRuntime/7.29.0"

info: ::1 - - [24/Apr/2022:07:32:50 +0000] "POST /api/v1/users/login HTTP/1.1" 200 240 "-" "PostmanRuntime/7.29.0"

info: ::1 - - [24/Apr/2022:07:33:03 +0000] "POST /api/v1/users/forgot HTTP/1.1" 500 22 "-" "PostmanRuntime/7.29.0"

info: ::1 - - [24/Apr/2022:07:34:08 +0000] "POST /api/v1/users/forgot HTTP/1.1" 500 22 "-" "PostmanRuntime/7.29.0"

error: uncaughtException: bookRoute is not defined
ReferenceError: bookRoute is not defined
    at routes (C:\Users\VISHNU SATHEESH\Project\BookStore\src\routes\/index.js:15:23)
    at Object.<anonymous> (C:\Users\VISHNU SATHEESH\Project\BookStore\src\/index.js:32:32)
    at Module._compile (node:internal/modules/cjs/loader:1101:14)
    at Module._compile (C:\Users\VISHNU SATHEESH\Project\node_modules\pirates\lib\index.js:136:24)
    at Module._extensions..js (node:internal/modules/cjs/loader:1153:10)
    at Object.newLoader [as .js] (C:\Users\VISHNU SATHEESH\Project\node_modules\pirates\lib\index.js:141:7)
    at Module.load (node:internal/modules/cjs/loader:981:32)
    at Function.Module._load (node:internal/modules/cjs/loader:822:12)
    at Function.executeUserEntryPoint [as runMain] (node:internal/modules/run_main:81:12)
    at Object.<anonymous> (C:\Users\VISHNU SATHEESH\Project\node_modules\@babel\node\lib\_babel-node.js:176:21)
    at Module._compile (node:internal/modules/cjs/loader:1101:14)
    at Object.Module._extensions..js (node:internal/modules/cjs/loader:1153:10)
    at Module.load (node:internal/modules/cjs/loader:981:32)
    at Function.Module._load (node:internal/modules/cjs/loader:822:12)
    at Function.executeUserEntryPoint [as runMain] (node:internal/modules/run_main:81:12)
    at node:internal/main/run_main_module:17:47 {"date":"Sun Apr 24 2022 13:32:17 GMT+0530 (India Standard Time)","error":{},"exception":true,"os":{"loadavg":[0,0,0],"uptime":708576},"process":{"argv":["node","C:\\Users\\VISHNU SATHEESH\\Project\\BookStore\\src\\index.js"],"cwd":"C:\\Users\\VISHNU SATHEESH\\Project\\BookStore","execPath":"C:\\Program Files\\nodejs\\node.exe","gid":null,"memoryUsage":{"arrayBuffers":18362145,"external":21884906,"heapTotal":100290560,"heapUsed":62792272,"rss":133292032},"pid":15328,"uid":null,"version":"v16.13.2"},"stack":"ReferenceError: bookRoute is not defined\n    at routes (C:\\Users\\VISHNU SATHEESH\\Project\\BookStore\\src\\routes\\/index.js:15:23)\n    at Object.<anonymous> (C:\\Users\\VISHNU SATHEESH\\Project\\BookStore\\src\\/index.js:32:32)\n    at Module._compile (node:internal/modules/cjs/loader:1101:14)\n    at Module._compile (C:\\Users\\VISHNU SATHEESH\\Project\\node_modules\\pirates\\lib\\index.js:136:24)\n    at Module._extensions..js (node:internal/modules/cjs/loader:1153:10)\n    at Object.newLoader [as .js] (C:\\Users\\VISHNU SATHEESH\\Project\\node_modules\\pirates\\lib\\index.js:141:7)\n    at Module.load (node:internal/modules/cjs/loader:981:32)\n    at Function.Module._load (node:internal/modules/cjs/loader:822:12)\n    at Function.executeUserEntryPoint [as runMain] (node:internal/modules/run_main:81:12)\n    at Object.<anonymous> (C:\\Users\\VISHNU SATHEESH\\Project\\node_modules\\@babel\\node\\lib\\_babel-node.js:176:21)\n    at Module._compile (node:internal/modules/cjs/loader:1101:14)\n    at Object.Module._extensions..js (node:internal/modules/cjs/loader:1153:10)\n    at Module.load (node:internal/modules/cjs/loader:981:32)\n    at Function.Module._load (node:internal/modules/cjs/loader:822:12)\n    at Function.executeUserEntryPoint [as runMain] (node:internal/modules/run_main:81:12)\n    at node:internal/main/run_main_module:17:47","trace":[{"column":23,"file":"C:\\Users\\VISHNU SATHEESH\\Project\\BookStore\\src\\routes\\/index.js","function":"routes","line":15,"method":null,"native":false},{"column":32,"file":"C:\\Users\\VISHNU SATHEESH\\Project\\BookStore\\src\\/index.js","function":null,"line":32,"method":null,"native":false},{"column":14,"file":"node:internal/modules/cjs/loader","function":"Module._compile","line":1101,"method":"_compile","native":false},{"column":24,"file":"C:\\Users\\VISHNU SATHEESH\\Project\\node_modules\\pirates\\lib\\index.js","function":"Module._compile","line":136,"method":"_compile","native":false},{"column":10,"file":"node:internal/modules/cjs/loader","function":"Module._extensions..js","line":1153,"method":".js","native":false},{"column":7,"file":"C:\\Users\\VISHNU SATHEESH\\Project\\node_modules\\pirates\\lib\\index.js","function":"Object.newLoader [as .js]","line":141,"method":"js]","native":false},{"column":32,"file":"node:internal/modules/cjs/loader","function":"Module.load","line":981,"method":"load","native":false},{"column":12,"file":"node:internal/modules/cjs/loader","function":"Module._load","line":822,"method":"_load","native":false},{"column":12,"file":"node:internal/modules/run_main","function":"Function.executeUserEntryPoint [as runMain]","line":81,"method":"executeUserEntryPoint [as runMain]","native":false},{"column":21,"file":"C:\\Users\\VISHNU SATHEESH\\Project\\node_modules\\@babel\\node\\lib\\_babel-node.js","function":null,"line":176,"method":null,"native":false},{"column":14,"file":"node:internal/modules/cjs/loader","function":"Module._compile","line":1101,"method":"_compile","native":false},{"column":10,"file":"node:internal/modules/cjs/loader","function":"Module._extensions..js","line":1153,"method":".js","native":false},{"column":32,"file":"node:internal/modules/cjs/loader","function":"Module.load","line":981,"method":"load","native":false},{"column":12,"file":"node:internal/modules/cjs/loader","function":"Module._load","line":822,"method":"_load","native":false},{"column":12,"file":"node:internal/modules/run_main","function":"Function.executeUserEntryPoint [as runMain]","line":81,"method":"executeUserEntryPoint [as runMain]","native":false},{"column":47,"file":"node:internal/main/run_main_module","function":null,"line":17,"method":null,"native":false}]}
info: ::1 - - [24/Apr/2022:08:08:52 +0000] "POST /api/v1/book HTTP/1.1" 201 260 "-" "PostmanRuntime/7.29.0"

info: ::1 - - [24/Apr/2022:08:09:05 +0000] "GET /api/v1/book HTTP/1.1" 200 268 "-" "PostmanRuntime/7.29.0"

info: ::1 - - [24/Apr/2022:08:10:27 +0000] "POST /api/v1/book HTTP/1.1" 409 51 "-" "PostmanRuntime/7.29.0"

info: ::1 - - [24/Apr/2022:08:10:37 +0000] "GET /api/v1/book HTTP/1.1" 200 268 "-" "PostmanRuntime/7.29.0"

info: ::1 - - [24/Apr/2022:08:11:07 +0000] "POST /api/v1/book HTTP/1.1" 201 260 "-" "PostmanRuntime/7.29.0"

info: ::1 - - [24/Apr/2022:08:11:19 +0000] "GET /api/v1/book HTTP/1.1" 200 472 "-" "PostmanRuntime/7.29.0"

error: uncaughtException: C:\Users\VISHNU SATHEESH\Project\BookStore\src\routes\book.route.js: Unexpected token, expected "from" (5:0)

[0m [90m 3 |[39m [36mimport[39m { newBookValidator } [36mfrom[39m [32m'../validators/user.validator'[39m[33m;[39m[0m
[0m [90m 4 |[39m [36mimport[39m { }[0m
[0m[31m[1m>[22m[39m[90m 5 |[39m [36mconst[39m router [33m=[39m express[33m.[39m[33mRouter[39m()[33m;[39m[0m
[0m [90m   |[39m [31m[1m^[22m[39m[0m
[0m [90m 6 |[39m[0m
[0m [90m 7 |[39m router[33m.[39mpost([32m''[39m[33m,[39m newBookValidator[33m,[39m bookController[33m.[39mpostBook)[33m;[39m[0m
[0m [90m 8 |[39m[0m
SyntaxError: C:\Users\VISHNU SATHEESH\Project\BookStore\src\routes\book.route.js: Unexpected token, expected "from" (5:0)

[0m [90m 3 |[39m [36mimport[39m { newBookValidator } [36mfrom[39m [32m'../validators/user.validator'[39m[33m;[39m[0m
[0m [90m 4 |[39m [36mimport[39m { }[0m
[0m[31m[1m>[22m[39m[90m 5 |[39m [36mconst[39m router [33m=[39m express[33m.[39m[33mRouter[39m()[33m;[39m[0m
[0m [90m   |[39m [31m[1m^[22m[39m[0m
[0m [90m 6 |[39m[0m
[0m [90m 7 |[39m router[33m.[39mpost([32m''[39m[33m,[39m newBookValidator[33m,[39m bookController[33m.[39mpostBook)[33m;[39m[0m
[0m [90m 8 |[39m[0m
    at Parser._raise (C:\Users\VISHNU SATHEESH\Project\node_modules\@babel\parser\src\parser\error.js:150:45)
    at Parser.raiseWithData (C:\Users\VISHNU SATHEESH\Project\node_modules\@babel\parser\src\parser\error.js:145:17)
    at Parser.raise (C:\Users\VISHNU SATHEESH\Project\node_modules\@babel\parser\src\parser\error.js:89:17)
    at Parser.unexpected (C:\Users\VISHNU SATHEESH\Project\node_modules\@babel\parser\src\parser\util.js:174:16)
    at Parser.expectContextual (C:\Users\VISHNU SATHEESH\Project\node_modules\@babel\parser\src\parser\util.js:107:18)
    at Parser.parseImport (C:\Users\VISHNU SATHEESH\Project\node_modules\@babel\parser\src\parser\statement.js:2426:12)
    at Parser.parseStatementContent (C:\Users\VISHNU SATHEESH\Project\node_modules\@babel\parser\src\parser\statement.js:422:25)
    at Parser.parseStatement (C:\Users\VISHNU SATHEESH\Project\node_modules\@babel\parser\src\parser\statement.js:329:17)
    at Parser.parseBlockOrModuleBlockBody (C:\Users\VISHNU SATHEESH\Project\node_modules\@babel\parser\src\parser\statement.js:1073:25)
    at Parser.parseBlockBody (C:\Users\VISHNU SATHEESH\Project\node_modules\@babel\parser\src\parser\statement.js:1049:10)
    at Parser.parseProgram (C:\Users\VISHNU SATHEESH\Project\node_modules\@babel\parser\src\parser\statement.js:214:10)
    at Parser.parseTopLevel (C:\Users\VISHNU SATHEESH\Project\node_modules\@babel\parser\src\parser\statement.js:197:25)
    at Parser.parse (C:\Users\VISHNU SATHEESH\Project\node_modules\@babel\parser\src\parser\index.js:41:10)
    at parse (C:\Users\VISHNU SATHEESH\Project\node_modules\@babel\parser\src\index.js:58:38)
    at parser (C:\Users\VISHNU SATHEESH\Project\node_modules\@babel\core\lib\parser\index.js:52:34)
    at parser.next (<anonymous>) {"date":"Sun Apr 24 2022 13:52:05 GMT+0530 (India Standard Time)","error":{"code":"BABEL_PARSE_ERROR","loc":{"column":0,"index":177,"line":5},"pos":177,"reasonCode":"UnexpectedToken"},"exception":true,"os":{"loadavg":[0,0,0],"uptime":709764},"process":{"argv":["node","C:\\Users\\VISHNU SATHEESH\\Project\\BookStore\\src\\index.js"],"cwd":"C:\\Users\\VISHNU SATHEESH\\Project\\BookStore","execPath":"C:\\Program Files\\nodejs\\node.exe","gid":null,"memoryUsage":{"arrayBuffers":18314476,"external":32366761,"heapTotal":109551616,"heapUsed":81866696,"rss":142974976},"pid":17484,"uid":null,"version":"v16.13.2"},"stack":"SyntaxError: C:\\Users\\VISHNU SATHEESH\\Project\\BookStore\\src\\routes\\book.route.js: Unexpected token, expected \"from\" (5:0)\n\n\u001b[0m \u001b[90m 3 |\u001b[39m \u001b[36mimport\u001b[39m { newBookValidator } \u001b[36mfrom\u001b[39m \u001b[32m'../validators/user.validator'\u001b[39m\u001b[33m;\u001b[39m\u001b[0m\n\u001b[0m \u001b[90m 4 |\u001b[39m \u001b[36mimport\u001b[39m { }\u001b[0m\n\u001b[0m\u001b[31m\u001b[1m>\u001b[22m\u001b[39m\u001b[90m 5 |\u001b[39m \u001b[36mconst\u001b[39m router \u001b[33m=\u001b[39m express\u001b[33m.\u001b[39m\u001b[33mRouter\u001b[39m()\u001b[33m;\u001b[39m\u001b[0m\n\u001b[0m \u001b[90m   |\u001b[39m \u001b[31m\u001b[1m^\u001b[22m\u001b[39m\u001b[0m\n\u001b[0m \u001b[90m 6 |\u001b[39m\u001b[0m\n\u001b[0m \u001b[90m 7 |\u001b[39m router\u001b[33m.\u001b[39mpost(\u001b[32m''\u001b[39m\u001b[33m,\u001b[39m newBookValidator\u001b[33m,\u001b[39m bookController\u001b[33m.\u001b[39mpostBook)\u001b[33m;\u001b[39m\u001b[0m\n\u001b[0m \u001b[90m 8 |\u001b[39m\u001b[0m\n    at Parser._raise (C:\\Users\\VISHNU SATHEESH\\Project\\node_modules\\@babel\\parser\\src\\parser\\error.js:150:45)\n    at Parser.raiseWithData (C:\\Users\\VISHNU SATHEESH\\Project\\node_modules\\@babel\\parser\\src\\parser\\error.js:145:17)\n    at Parser.raise (C:\\Users\\VISHNU SATHEESH\\Project\\node_modules\\@babel\\parser\\src\\parser\\error.js:89:17)\n    at Parser.unexpected (C:\\Users\\VISHNU SATHEESH\\Project\\node_modules\\@babel\\parser\\src\\parser\\util.js:174:16)\n    at Parser.expectContextual (C:\\Users\\VISHNU SATHEESH\\Project\\node_modules\\@babel\\parser\\src\\parser\\util.js:107:18)\n    at Parser.parseImport (C:\\Users\\VISHNU SATHEESH\\Project\\node_modules\\@babel\\parser\\src\\parser\\statement.js:2426:12)\n    at Parser.parseStatementContent (C:\\Users\\VISHNU SATHEESH\\Project\\node_modules\\@babel\\parser\\src\\parser\\statement.js:422:25)\n    at Parser.parseStatement (C:\\Users\\VISHNU SATHEESH\\Project\\node_modules\\@babel\\parser\\src\\parser\\statement.js:329:17)\n    at Parser.parseBlockOrModuleBlockBody (C:\\Users\\VISHNU SATHEESH\\Project\\node_modules\\@babel\\parser\\src\\parser\\statement.js:1073:25)\n    at Parser.parseBlockBody (C:\\Users\\VISHNU SATHEESH\\Project\\node_modules\\@babel\\parser\\src\\parser\\statement.js:1049:10)\n    at Parser.parseProgram (C:\\Users\\VISHNU SATHEESH\\Project\\node_modules\\@babel\\parser\\src\\parser\\statement.js:214:10)\n    at Parser.parseTopLevel (C:\\Users\\VISHNU SATHEESH\\Project\\node_modules\\@babel\\parser\\src\\parser\\statement.js:197:25)\n    at Parser.parse (C:\\Users\\VISHNU SATHEESH\\Project\\node_modules\\@babel\\parser\\src\\parser\\index.js:41:10)\n    at parse (C:\\Users\\VISHNU SATHEESH\\Project\\node_modules\\@babel\\parser\\src\\index.js:58:38)\n    at parser (C:\\Users\\VISHNU SATHEESH\\Project\\node_modules\\@babel\\core\\lib\\parser\\index.js:52:34)\n    at parser.next (<anonymous>)","trace":[{"column":45,"file":"C:\\Users\\VISHNU SATHEESH\\Project\\node_modules\\@babel\\parser\\src\\parser\\error.js","function":"Parser._raise","line":150,"method":"_raise","native":false},{"column":17,"file":"C:\\Users\\VISHNU SATHEESH\\Project\\node_modules\\@babel\\parser\\src\\parser\\error.js","function":"Parser.raiseWithData","line":145,"method":"raiseWithData","native":false},{"column":17,"file":"C:\\Users\\VISHNU SATHEESH\\Project\\node_modules\\@babel\\parser\\src\\parser\\error.js","function":"Parser.raise","line":89,"method":"raise","native":false},{"column":16,"file":"C:\\Users\\VISHNU SATHEESH\\Project\\node_modules\\@babel\\parser\\src\\parser\\util.js","function":"Parser.unexpected","line":174,"method":"unexpected","native":false},{"column":18,"file":"C:\\Users\\VISHNU SATHEESH\\Project\\node_modules\\@babel\\parser\\src\\parser\\util.js","function":"Parser.expectContextual","line":107,"method":"expectContextual","native":false},{"column":12,"file":"C:\\Users\\VISHNU SATHEESH\\Project\\node_modules\\@babel\\parser\\src\\parser\\statement.js","function":"Parser.parseImport","line":2426,"method":"parseImport","native":false},{"column":25,"file":"C:\\Users\\VISHNU SATHEESH\\Project\\node_modules\\@babel\\parser\\src\\parser\\statement.js","function":"Parser.parseStatementContent","line":422,"method":"parseStatementContent","native":false},{"column":17,"file":"C:\\Users\\VISHNU SATHEESH\\Project\\node_modules\\@babel\\parser\\src\\parser\\statement.js","function":"Parser.parseStatement","line":329,"method":"parseStatement","native":false},{"column":25,"file":"C:\\Users\\VISHNU SATHEESH\\Project\\node_modules\\@babel\\parser\\src\\parser\\statement.js","function":"Parser.parseBlockOrModuleBlockBody","line":1073,"method":"parseBlockOrModuleBlockBody","native":false},{"column":10,"file":"C:\\Users\\VISHNU SATHEESH\\Project\\node_modules\\@babel\\parser\\src\\parser\\statement.js","function":"Parser.parseBlockBody","line":1049,"method":"parseBlockBody","native":false},{"column":10,"file":"C:\\Users\\VISHNU SATHEESH\\Project\\node_modules\\@babel\\parser\\src\\parser\\statement.js","function":"Parser.parseProgram","line":214,"method":"parseProgram","native":false},{"column":25,"file":"C:\\Users\\VISHNU SATHEESH\\Project\\node_modules\\@babel\\parser\\src\\parser\\statement.js","function":"Parser.parseTopLevel","line":197,"method":"parseTopLevel","native":false},{"column":10,"file":"C:\\Users\\VISHNU SATHEESH\\Project\\node_modules\\@babel\\parser\\src\\parser\\index.js","function":"Parser.parse","line":41,"method":"parse","native":false},{"column":38,"file":"C:\\Users\\VISHNU SATHEESH\\Project\\node_modules\\@babel\\parser\\src\\index.js","function":"parse","line":58,"method":null,"native":false},{"column":34,"file":"C:\\Users\\VISHNU SATHEESH\\Project\\node_modules\\@babel\\core\\lib\\parser\\index.js","function":"parser","line":52,"method":null,"native":false},{"column":null,"file":null,"function":"parser.next","line":null,"method":"next","native":false}]}
error: uncaughtException: C:\Users\VISHNU SATHEESH\Project\BookStore\src\routes\book.route.js: Unexpected token, expected "from" (5:0)

[0m [90m 3 |[39m [36mimport[39m { newBookValidator } [36mfrom[39m [32m'../validators/user.validator'[39m[33m;[39m[0m
[0m [90m 4 |[39m [36mimport[39m { userAuth }[0m
[0m[31m[1m>[22m[39m[90m 5 |[39m [36mconst[39m router [33m=[39m express[33m.[39m[33mRouter[39m()[33m;[39m[0m
[0m [90m   |[39m [31m[1m^[22m[39m[0m
[0m [90m 6 |[39m[0m
[0m [90m 7 |[39m router[33m.[39mpost([32m''[39m[33m,[39m newBookValidator[33m,[39m bookController[33m.[39mpostBook)[33m;[39m[0m
[0m [90m 8 |[39m[0m
SyntaxError: C:\Users\VISHNU SATHEESH\Project\BookStore\src\routes\book.route.js: Unexpected token, expected "from" (5:0)

[0m [90m 3 |[39m [36mimport[39m { newBookValidator } [36mfrom[39m [32m'../validators/user.validator'[39m[33m;[39m[0m
[0m [90m 4 |[39m [36mimport[39m { userAuth }[0m
[0m[31m[1m>[22m[39m[90m 5 |[39m [36mconst[39m router [33m=[39m express[33m.[39m[33mRouter[39m()[33m;[39m[0m
[0m [90m   |[39m [31m[1m^[22m[39m[0m
[0m [90m 6 |[39m[0m
[0m [90m 7 |[39m router[33m.[39mpost([32m''[39m[33m,[39m newBookValidator[33m,[39m bookController[33m.[39mpostBook)[33m;[39m[0m
[0m [90m 8 |[39m[0m
    at Parser._raise (C:\Users\VISHNU SATHEESH\Project\node_modules\@babel\parser\src\parser\error.js:150:45)
    at Parser.raiseWithData (C:\Users\VISHNU SATHEESH\Project\node_modules\@babel\parser\src\parser\error.js:145:17)
    at Parser.raise (C:\Users\VISHNU SATHEESH\Project\node_modules\@babel\parser\src\parser\error.js:89:17)
    at Parser.unexpected (C:\Users\VISHNU SATHEESH\Project\node_modules\@babel\parser\src\parser\util.js:174:16)
    at Parser.expectContextual (C:\Users\VISHNU SATHEESH\Project\node_modules\@babel\parser\src\parser\util.js:107:18)
    at Parser.parseImport (C:\Users\VISHNU SATHEESH\Project\node_modules\@babel\parser\src\parser\statement.js:2426:12)
    at Parser.parseStatementContent (C:\Users\VISHNU SATHEESH\Project\node_modules\@babel\parser\src\parser\statement.js:422:25)
    at Parser.parseStatement (C:\Users\VISHNU SATHEESH\Project\node_modules\@babel\parser\src\parser\statement.js:329:17)
    at Parser.parseBlockOrModuleBlockBody (C:\Users\VISHNU SATHEESH\Project\node_modules\@babel\parser\src\parser\statement.js:1073:25)
    at Parser.parseBlockBody (C:\Users\VISHNU SATHEESH\Project\node_modules\@babel\parser\src\parser\statement.js:1049:10)
    at Parser.parseProgram (C:\Users\VISHNU SATHEESH\Project\node_modules\@babel\parser\src\parser\statement.js:214:10)
    at Parser.parseTopLevel (C:\Users\VISHNU SATHEESH\Project\node_modules\@babel\parser\src\parser\statement.js:197:25)
    at Parser.parse (C:\Users\VISHNU SATHEESH\Project\node_modules\@babel\parser\src\parser\index.js:41:10)
    at parse (C:\Users\VISHNU SATHEESH\Project\node_modules\@babel\parser\src\index.js:58:38)
    at parser (C:\Users\VISHNU SATHEESH\Project\node_modules\@babel\core\lib\parser\index.js:52:34)
    at parser.next (<anonymous>) {"date":"Sun Apr 24 2022 13:52:14 GMT+0530 (India Standard Time)","error":{"code":"BABEL_PARSE_ERROR","loc":{"column":0,"index":186,"line":5},"pos":186,"reasonCode":"UnexpectedToken"},"exception":true,"os":{"loadavg":[0,0,0],"uptime":709773},"process":{"argv":["node","C:\\Users\\VISHNU SATHEESH\\Project\\BookStore\\src\\index.js"],"cwd":"C:\\Users\\VISHNU SATHEESH\\Project\\BookStore","execPath":"C:\\Program Files\\nodejs\\node.exe","gid":null,"memoryUsage":{"arrayBuffers":18306338,"external":25402066,"heapTotal":109813760,"heapUsed":81845856,"rss":142811136},"pid":10696,"uid":null,"version":"v16.13.2"},"stack":"SyntaxError: C:\\Users\\VISHNU SATHEESH\\Project\\BookStore\\src\\routes\\book.route.js: Unexpected token, expected \"from\" (5:0)\n\n\u001b[0m \u001b[90m 3 |\u001b[39m \u001b[36mimport\u001b[39m { newBookValidator } \u001b[36mfrom\u001b[39m \u001b[32m'../validators/user.validator'\u001b[39m\u001b[33m;\u001b[39m\u001b[0m\n\u001b[0m \u001b[90m 4 |\u001b[39m \u001b[36mimport\u001b[39m { userAuth }\u001b[0m\n\u001b[0m\u001b[31m\u001b[1m>\u001b[22m\u001b[39m\u001b[90m 5 |\u001b[39m \u001b[36mconst\u001b[39m router \u001b[33m=\u001b[39m express\u001b[33m.\u001b[39m\u001b[33mRouter\u001b[39m()\u001b[33m;\u001b[39m\u001b[0m\n\u001b[0m \u001b[90m   |\u001b[39m \u001b[31m\u001b[1m^\u001b[22m\u001b[39m\u001b[0m\n\u001b[0m \u001b[90m 6 |\u001b[39m\u001b[0m\n\u001b[0m \u001b[90m 7 |\u001b[39m router\u001b[33m.\u001b[39mpost(\u001b[32m''\u001b[39m\u001b[33m,\u001b[39m newBookValidator\u001b[33m,\u001b[39m bookController\u001b[33m.\u001b[39mpostBook)\u001b[33m;\u001b[39m\u001b[0m\n\u001b[0m \u001b[90m 8 |\u001b[39m\u001b[0m\n    at Parser._raise (C:\\Users\\VISHNU SATHEESH\\Project\\node_modules\\@babel\\parser\\src\\parser\\error.js:150:45)\n    at Parser.raiseWithData (C:\\Users\\VISHNU SATHEESH\\Project\\node_modules\\@babel\\parser\\src\\parser\\error.js:145:17)\n    at Parser.raise (C:\\Users\\VISHNU SATHEESH\\Project\\node_modules\\@babel\\parser\\src\\parser\\error.js:89:17)\n    at Parser.unexpected (C:\\Users\\VISHNU SATHEESH\\Project\\node_modules\\@babel\\parser\\src\\parser\\util.js:174:16)\n    at Parser.expectContextual (C:\\Users\\VISHNU SATHEESH\\Project\\node_modules\\@babel\\parser\\src\\parser\\util.js:107:18)\n    at Parser.parseImport (C:\\Users\\VISHNU SATHEESH\\Project\\node_modules\\@babel\\parser\\src\\parser\\statement.js:2426:12)\n    at Parser.parseStatementContent (C:\\Users\\VISHNU SATHEESH\\Project\\node_modules\\@babel\\parser\\src\\parser\\statement.js:422:25)\n    at Parser.parseStatement (C:\\Users\\VISHNU SATHEESH\\Project\\node_modules\\@babel\\parser\\src\\parser\\statement.js:329:17)\n    at Parser.parseBlockOrModuleBlockBody (C:\\Users\\VISHNU SATHEESH\\Project\\node_modules\\@babel\\parser\\src\\parser\\statement.js:1073:25)\n    at Parser.parseBlockBody (C:\\Users\\VISHNU SATHEESH\\Project\\node_modules\\@babel\\parser\\src\\parser\\statement.js:1049:10)\n    at Parser.parseProgram (C:\\Users\\VISHNU SATHEESH\\Project\\node_modules\\@babel\\parser\\src\\parser\\statement.js:214:10)\n    at Parser.parseTopLevel (C:\\Users\\VISHNU SATHEESH\\Project\\node_modules\\@babel\\parser\\src\\parser\\statement.js:197:25)\n    at Parser.parse (C:\\Users\\VISHNU SATHEESH\\Project\\node_modules\\@babel\\parser\\src\\parser\\index.js:41:10)\n    at parse (C:\\Users\\VISHNU SATHEESH\\Project\\node_modules\\@babel\\parser\\src\\index.js:58:38)\n    at parser (C:\\Users\\VISHNU SATHEESH\\Project\\node_modules\\@babel\\core\\lib\\parser\\index.js:52:34)\n    at parser.next (<anonymous>)","trace":[{"column":45,"file":"C:\\Users\\VISHNU SATHEESH\\Project\\node_modules\\@babel\\parser\\src\\parser\\error.js","function":"Parser._raise","line":150,"method":"_raise","native":false},{"column":17,"file":"C:\\Users\\VISHNU SATHEESH\\Project\\node_modules\\@babel\\parser\\src\\parser\\error.js","function":"Parser.raiseWithData","line":145,"method":"raiseWithData","native":false},{"column":17,"file":"C:\\Users\\VISHNU SATHEESH\\Project\\node_modules\\@babel\\parser\\src\\parser\\error.js","function":"Parser.raise","line":89,"method":"raise","native":false},{"column":16,"file":"C:\\Users\\VISHNU SATHEESH\\Project\\node_modules\\@babel\\parser\\src\\parser\\util.js","function":"Parser.unexpected","line":174,"method":"unexpected","native":false},{"column":18,"file":"C:\\Users\\VISHNU SATHEESH\\Project\\node_modules\\@babel\\parser\\src\\parser\\util.js","function":"Parser.expectContextual","line":107,"method":"expectContextual","native":false},{"column":12,"file":"C:\\Users\\VISHNU SATHEESH\\Project\\node_modules\\@babel\\parser\\src\\parser\\statement.js","function":"Parser.parseImport","line":2426,"method":"parseImport","native":false},{"column":25,"file":"C:\\Users\\VISHNU SATHEESH\\Project\\node_modules\\@babel\\parser\\src\\parser\\statement.js","function":"Parser.parseStatementContent","line":422,"method":"parseStatementContent","native":false},{"column":17,"file":"C:\\Users\\VISHNU SATHEESH\\Project\\node_modules\\@babel\\parser\\src\\parser\\statement.js","function":"Parser.parseStatement","line":329,"method":"parseStatement","native":false},{"column":25,"file":"C:\\Users\\VISHNU SATHEESH\\Project\\node_modules\\@babel\\parser\\src\\parser\\statement.js","function":"Parser.parseBlockOrModuleBlockBody","line":1073,"method":"parseBlockOrModuleBlockBody","native":false},{"column":10,"file":"C:\\Users\\VISHNU SATHEESH\\Project\\node_modules\\@babel\\parser\\src\\parser\\statement.js","function":"Parser.parseBlockBody","line":1049,"method":"parseBlockBody","native":false},{"column":10,"file":"C:\\Users\\VISHNU SATHEESH\\Project\\node_modules\\@babel\\parser\\src\\parser\\statement.js","function":"Parser.parseProgram","line":214,"method":"parseProgram","native":false},{"column":25,"file":"C:\\Users\\VISHNU SATHEESH\\Project\\node_modules\\@babel\\parser\\src\\parser\\statement.js","function":"Parser.parseTopLevel","line":197,"method":"parseTopLevel","native":false},{"column":10,"file":"C:\\Users\\VISHNU SATHEESH\\Project\\node_modules\\@babel\\parser\\src\\parser\\index.js","function":"Parser.parse","line":41,"method":"parse","native":false},{"column":38,"file":"C:\\Users\\VISHNU SATHEESH\\Project\\node_modules\\@babel\\parser\\src\\index.js","function":"parse","line":58,"method":null,"native":false},{"column":34,"file":"C:\\Users\\VISHNU SATHEESH\\Project\\node_modules\\@babel\\core\\lib\\parser\\index.js","function":"parser","line":52,"method":null,"native":false},{"column":null,"file":null,"function":"parser.next","line":null,"method":"next","native":false}]}
error: uncaughtException: The argument 'id' must be a non-empty string. Received ''
TypeError: The argument 'id' must be a non-empty string. Received ''
    at new NodeError (node:internal/errors:371:5)
    at Module.require (node:internal/modules/cjs/loader:1000:11)
    at require (node:internal/modules/cjs/helpers:102:18)
    at Object.<anonymous> (C:\Users\VISHNU SATHEESH\Project\BookStore\src\routes\/book.route.js:4:1)
    at Module._compile (node:internal/modules/cjs/loader:1101:14)
    at Module._compile (C:\Users\VISHNU SATHEESH\Project\node_modules\pirates\lib\index.js:136:24)
    at Module._extensions..js (node:internal/modules/cjs/loader:1153:10)
    at Object.newLoader [as .js] (C:\Users\VISHNU SATHEESH\Project\node_modules\pirates\lib\index.js:141:7)
    at Module.load (node:internal/modules/cjs/loader:981:32)
    at Function.Module._load (node:internal/modules/cjs/loader:822:12)
    at Module.require (node:internal/modules/cjs/loader:1005:19)
    at require (node:internal/modules/cjs/helpers:102:18)
    at Object.<anonymous> (C:\Users\VISHNU SATHEESH\Project\BookStore\src\routes\/index.js:5:1)
    at Module._compile (node:internal/modules/cjs/loader:1101:14)
    at Module._compile (C:\Users\VISHNU SATHEESH\Project\node_modules\pirates\lib\index.js:136:24)
    at Module._extensions..js (node:internal/modules/cjs/loader:1153:10) {"date":"Sun Apr 24 2022 13:52:25 GMT+0530 (India Standard Time)","error":{"code":"ERR_INVALID_ARG_VALUE"},"exception":true,"os":{"loadavg":[0,0,0],"uptime":709784},"process":{"argv":["node","C:\\Users\\VISHNU SATHEESH\\Project\\BookStore\\src\\index.js"],"cwd":"C:\\Users\\VISHNU SATHEESH\\Project\\BookStore","execPath":"C:\\Program Files\\nodejs\\node.exe","gid":null,"memoryUsage":{"arrayBuffers":18469834,"external":32878843,"heapTotal":95834112,"heapUsed":67906056,"rss":129302528},"pid":504,"uid":null,"version":"v16.13.2"},"stack":"TypeError: The argument 'id' must be a non-empty string. Received ''\n    at new NodeError (node:internal/errors:371:5)\n    at Module.require (node:internal/modules/cjs/loader:1000:11)\n    at require (node:internal/modules/cjs/helpers:102:18)\n    at Object.<anonymous> (C:\\Users\\VISHNU SATHEESH\\Project\\BookStore\\src\\routes\\/book.route.js:4:1)\n    at Module._compile (node:internal/modules/cjs/loader:1101:14)\n    at Module._compile (C:\\Users\\VISHNU SATHEESH\\Project\\node_modules\\pirates\\lib\\index.js:136:24)\n    at Module._extensions..js (node:internal/modules/cjs/loader:1153:10)\n    at Object.newLoader [as .js] (C:\\Users\\VISHNU SATHEESH\\Project\\node_modules\\pirates\\lib\\index.js:141:7)\n    at Module.load (node:internal/modules/cjs/loader:981:32)\n    at Function.Module._load (node:internal/modules/cjs/loader:822:12)\n    at Module.require (node:internal/modules/cjs/loader:1005:19)\n    at require (node:internal/modules/cjs/helpers:102:18)\n    at Object.<anonymous> (C:\\Users\\VISHNU SATHEESH\\Project\\BookStore\\src\\routes\\/index.js:5:1)\n    at Module._compile (node:internal/modules/cjs/loader:1101:14)\n    at Module._compile (C:\\Users\\VISHNU SATHEESH\\Project\\node_modules\\pirates\\lib\\index.js:136:24)\n    at Module._extensions..js (node:internal/modules/cjs/loader:1153:10)","trace":[{"column":5,"file":"node:internal/errors","function":"new NodeError","line":371,"method":null,"native":false},{"column":11,"file":"node:internal/modules/cjs/loader","function":"Module.require","line":1000,"method":"require","native":false},{"column":18,"file":"node:internal/modules/cjs/helpers","function":"require","line":102,"method":null,"native":false},{"column":1,"file":"C:\\Users\\VISHNU SATHEESH\\Project\\BookStore\\src\\routes\\/book.route.js","function":null,"line":4,"method":null,"native":false},{"column":14,"file":"node:internal/modules/cjs/loader","function":"Module._compile","line":1101,"method":"_compile","native":false},{"column":24,"file":"C:\\Users\\VISHNU SATHEESH\\Project\\node_modules\\pirates\\lib\\index.js","function":"Module._compile","line":136,"method":"_compile","native":false},{"column":10,"file":"node:internal/modules/cjs/loader","function":"Module._extensions..js","line":1153,"method":".js","native":false},{"column":7,"file":"C:\\Users\\VISHNU SATHEESH\\Project\\node_modules\\pirates\\lib\\index.js","function":"Object.newLoader [as .js]","line":141,"method":"js]","native":false},{"column":32,"file":"node:internal/modules/cjs/loader","function":"Module.load","line":981,"method":"load","native":false},{"column":12,"file":"node:internal/modules/cjs/loader","function":"Module._load","line":822,"method":"_load","native":false},{"column":19,"file":"node:internal/modules/cjs/loader","function":"Module.require","line":1005,"method":"require","native":false},{"column":18,"file":"node:internal/modules/cjs/helpers","function":"require","line":102,"method":null,"native":false},{"column":1,"file":"C:\\Users\\VISHNU SATHEESH\\Project\\BookStore\\src\\routes\\/index.js","function":null,"line":5,"method":null,"native":false},{"column":14,"file":"node:internal/modules/cjs/loader","function":"Module._compile","line":1101,"method":"_compile","native":false},{"column":24,"file":"C:\\Users\\VISHNU SATHEESH\\Project\\node_modules\\pirates\\lib\\index.js","function":"Module._compile","line":136,"method":"_compile","native":false},{"column":10,"file":"node:internal/modules/cjs/loader","function":"Module._extensions..js","line":1153,"method":".js","native":false}]}
info: ::1 - - [24/Apr/2022:08:25:35 +0000] "POST /api/v1/users/userregister HTTP/1.1" 400 84 "-" "PostmanRuntime/7.29.0"

info: ::1 - - [24/Apr/2022:08:25:56 +0000] "POST /api/v1/users/userregister HTTP/1.1" 201 352 "-" "PostmanRuntime/7.29.0"

info: ::1 - - [24/Apr/2022:08:26:10 +0000] "POST /api/v1/users/login HTTP/1.1" 200 253 "-" "PostmanRuntime/7.29.0"

info: ::1 - - [24/Apr/2022:08:27:20 +0000] "POST /api/v1/book HTTP/1.1" 201 255 "-" "PostmanRuntime/7.29.0"

info: ::1 - - [24/Apr/2022:08:28:38 +0000] "GET /api/v1/book HTTP/1.1" 200 671 "-" "PostmanRuntime/7.29.0"

info: ::1 - - [24/Apr/2022:08:32:16 +0000] "GET /api/v1/book HTTP/1.1" 200 671 "-" "PostmanRuntime/7.29.0"

info: ::1 - - [24/Apr/2022:08:33:30 +0000] "GET /api/v1/book HTTP/1.1" 200 671 "-" "PostmanRuntime/7.29.0"

info: ::1 - - [24/Apr/2022:08:37:31 +0000] "GET /api/v1/book HTTP/1.1" 200 671 "-" "PostmanRuntime/7.29.0"

info: ::1 - - [24/Apr/2022:08:38:26 +0000] "POST /api/v1/users/userregister HTTP/1.1" 201 340 "-" "PostmanRuntime/7.29.0"

info: ::1 - - [24/Apr/2022:08:38:37 +0000] "POST /api/v1/users/login HTTP/1.1" 200 241 "-" "PostmanRuntime/7.29.0"

info: ::1 - - [24/Apr/2022:08:39:07 +0000] "GET /api/v1/book HTTP/1.1" 200 671 "-" "PostmanRuntime/7.29.0"

info: ::1 - - [24/Apr/2022:08:41:24 +0000] "GET /api/v1/book HTTP/1.1" 204 - "-" "PostmanRuntime/7.29.0"

info: ::1 - - [24/Apr/2022:08:42:12 +0000] "POST /api/v1/book HTTP/1.1" 201 259 "-" "PostmanRuntime/7.29.0"

info: ::1 - - [24/Apr/2022:08:42:22 +0000] "GET /api/v1/book HTTP/1.1" 204 - "-" "PostmanRuntime/7.29.0"

info: ::1 - - [24/Apr/2022:08:43:13 +0000] "GET /api/v1/book HTTP/1.1" 200 874 "-" "PostmanRuntime/7.29.0"

info: ::1 - - [24/Apr/2022:08:44:49 +0000] "GET /api/v1/book HTTP/1.1" 500 57 "-" "PostmanRuntime/7.29.0"

info: ::1 - - [24/Apr/2022:08:45:31 +0000] "GET /api/v1/book HTTP/1.1" 204 - "-" "PostmanRuntime/7.29.0"

info: ::1 - - [24/Apr/2022:08:46:15 +0000] "GET /api/v1/book HTTP/1.1" 204 - "-" "PostmanRuntime/7.29.0"

info: ::1 - - [24/Apr/2022:08:47:12 +0000] "POST /api/v1/book HTTP/1.1" 400 88 "-" "PostmanRuntime/7.29.0"

info: ::1 - - [24/Apr/2022:08:49:25 +0000] "POST /api/v1/book HTTP/1.1" 400 88 "-" "PostmanRuntime/7.29.0"

info: ::1 - - [24/Apr/2022:08:49:44 +0000] "POST /api/v1/book HTTP/1.1" 400 88 "-" "PostmanRuntime/7.29.0"

info: ::1 - - [24/Apr/2022:08:50:22 +0000] "POST /api/v1/book HTTP/1.1" 400 86 "-" "PostmanRuntime/7.29.0"

info: ::1 - - [24/Apr/2022:08:51:02 +0000] "POST /api/v1/book HTTP/1.1" 409 51 "-" "PostmanRuntime/7.29.0"

info: ::1 - - [24/Apr/2022:08:51:13 +0000] "GET /api/v1/book HTTP/1.1" 200 874 "-" "PostmanRuntime/7.29.0"

error: uncaughtException: C:\Users\VISHNU SATHEESH\Project\BookStore\src\controllers\book.controller.js: Unexpected token (17:7)

[0m [90m 15 |[39m       code[33m:[39m [33mHttpStatus[39m[33m.[39m[33mCONFLICT[39m[33m,[39m[0m
[0m [90m 16 |[39m       message[33m:[39m [32m`${error}`[39m[0m
[0m[31m[1m>[22m[39m[90m 17 |[39m     })[33m;[39m[36mcatch[39m (error) {[0m
[0m [90m    |[39m        [31m[1m^[22m[39m[0m
[0m [90m 18 |[39m         next(error)[33m;[39m[0m
[0m [90m 19 |[39m       }[0m
[0m [90m 20 |[39m   }[0m
SyntaxError: C:\Users\VISHNU SATHEESH\Project\BookStore\src\controllers\book.controller.js: Unexpected token (17:7)

[0m [90m 15 |[39m       code[33m:[39m [33mHttpStatus[39m[33m.[39m[33mCONFLICT[39m[33m,[39m[0m
[0m [90m 16 |[39m       message[33m:[39m [32m`${error}`[39m[0m
[0m[31m[1m>[22m[39m[90m 17 |[39m     })[33m;[39m[36mcatch[39m (error) {[0m
[0m [90m    |[39m        [31m[1m^[22m[39m[0m
[0m [90m 18 |[39m         next(error)[33m;[39m[0m
[0m [90m 19 |[39m       }[0m
[0m [90m 20 |[39m   }[0m
    at Parser._raise (C:\Users\VISHNU SATHEESH\Project\node_modules\@babel\parser\src\parser\error.js:150:45)
    at Parser.raiseWithData (C:\Users\VISHNU SATHEESH\Project\node_modules\@babel\parser\src\parser\error.js:145:17)
    at Parser.raise (C:\Users\VISHNU SATHEESH\Project\node_modules\@babel\parser\src\parser\error.js:89:17)
    at Parser.unexpected (C:\Users\VISHNU SATHEESH\Project\node_modules\@babel\parser\src\parser\util.js:174:16)
    at Parser.parseExprAtom (C:\Users\VISHNU SATHEESH\Project\node_modules\@babel\parser\src\parser\expression.js:1309:22)
    at Parser.parseExprSubscripts (C:\Users\VISHNU SATHEESH\Project\node_modules\@babel\parser\src\parser\expression.js:682:23)
    at Parser.parseUpdate (C:\Users\VISHNU SATHEESH\Project\node_modules\@babel\parser\src\parser\expression.js:662:21)
    at Parser.parseMaybeUnary (C:\Users\VISHNU SATHEESH\Project\node_modules\@babel\parser\src\parser\expression.js:633:23)
    at Parser.parseMaybeUnaryOrPrivate (C:\Users\VISHNU SATHEESH\Project\node_modules\@babel\parser\src\parser\expression.js:388:14)
    at Parser.parseExprOps (C:\Users\VISHNU SATHEESH\Project\node_modules\@babel\parser\src\parser\expression.js:398:23)
    at Parser.parseMaybeConditional (C:\Users\VISHNU SATHEESH\Project\node_modules\@babel\parser\src\parser\expression.js:356:23)
    at Parser.parseMaybeAssign (C:\Users\VISHNU SATHEESH\Project\node_modules\@babel\parser\src\parser\expression.js:303:21)
    at Parser.parseExpressionBase (C:\Users\VISHNU SATHEESH\Project\node_modules\@babel\parser\src\parser\expression.js:228:23)
    at callback (C:\Users\VISHNU SATHEESH\Project\node_modules\@babel\parser\src\parser\expression.js:221:39)
    at Parser.allowInAnd (C:\Users\VISHNU SATHEESH\Project\node_modules\@babel\parser\src\parser\expression.js:2958:16)
    at Parser.parseExpression (C:\Users\VISHNU SATHEESH\Project\node_modules\@babel\parser\src\parser\expression.js:221:17) {"date":"Sun Apr 24 2022 14:23:40 GMT+0530 (India Standard Time)","error":{"code":"BABEL_PARSE_ERROR","loc":{"column":7,"index":505,"line":17},"pos":505,"reasonCode":"UnexpectedToken"},"exception":true,"os":{"loadavg":[0,0,0],"uptime":711659},"process":{"argv":["node","C:\\Users\\VISHNU SATHEESH\\Project\\BookStore\\src\\index.js"],"cwd":"C:\\Users\\VISHNU SATHEESH\\Project\\BookStore","execPath":"C:\\Program Files\\nodejs\\node.exe","gid":null,"memoryUsage":{"arrayBuffers":18454058,"external":32341153,"heapTotal":101220352,"heapUsed":72368384,"rss":134184960},"pid":13968,"uid":null,"version":"v16.13.2"},"stack":"SyntaxError: C:\\Users\\VISHNU SATHEESH\\Project\\BookStore\\src\\controllers\\book.controller.js: Unexpected token (17:7)\n\n\u001b[0m \u001b[90m 15 |\u001b[39m       code\u001b[33m:\u001b[39m \u001b[33mHttpStatus\u001b[39m\u001b[33m.\u001b[39m\u001b[33mCONFLICT\u001b[39m\u001b[33m,\u001b[39m\u001b[0m\n\u001b[0m \u001b[90m 16 |\u001b[39m       message\u001b[33m:\u001b[39m \u001b[32m`${error}`\u001b[39m\u001b[0m\n\u001b[0m\u001b[31m\u001b[1m>\u001b[22m\u001b[39m\u001b[90m 17 |\u001b[39m     })\u001b[33m;\u001b[39m\u001b[36mcatch\u001b[39m (error) {\u001b[0m\n\u001b[0m \u001b[90m    |\u001b[39m        \u001b[31m\u001b[1m^\u001b[22m\u001b[39m\u001b[0m\n\u001b[0m \u001b[90m 18 |\u001b[39m         next(error)\u001b[33m;\u001b[39m\u001b[0m\n\u001b[0m \u001b[90m 19 |\u001b[39m       }\u001b[0m\n\u001b[0m \u001b[90m 20 |\u001b[39m   }\u001b[0m\n    at Parser._raise (C:\\Users\\VISHNU SATHEESH\\Project\\node_modules\\@babel\\parser\\src\\parser\\error.js:150:45)\n    at Parser.raiseWithData (C:\\Users\\VISHNU SATHEESH\\Project\\node_modules\\@babel\\parser\\src\\parser\\error.js:145:17)\n    at Parser.raise (C:\\Users\\VISHNU SATHEESH\\Project\\node_modules\\@babel\\parser\\src\\parser\\error.js:89:17)\n    at Parser.unexpected (C:\\Users\\VISHNU SATHEESH\\Project\\node_modules\\@babel\\parser\\src\\parser\\util.js:174:16)\n    at Parser.parseExprAtom (C:\\Users\\VISHNU SATHEESH\\Project\\node_modules\\@babel\\parser\\src\\parser\\expression.js:1309:22)\n    at Parser.parseExprSubscripts (C:\\Users\\VISHNU SATHEESH\\Project\\node_modules\\@babel\\parser\\src\\parser\\expression.js:682:23)\n    at Parser.parseUpdate (C:\\Users\\VISHNU SATHEESH\\Project\\node_modules\\@babel\\parser\\src\\parser\\expression.js:662:21)\n    at Parser.parseMaybeUnary (C:\\Users\\VISHNU SATHEESH\\Project\\node_modules\\@babel\\parser\\src\\parser\\expression.js:633:23)\n    at Parser.parseMaybeUnaryOrPrivate (C:\\Users\\VISHNU SATHEESH\\Project\\node_modules\\@babel\\parser\\src\\parser\\expression.js:388:14)\n    at Parser.parseExprOps (C:\\Users\\VISHNU SATHEESH\\Project\\node_modules\\@babel\\parser\\src\\parser\\expression.js:398:23)\n    at Parser.parseMaybeConditional (C:\\Users\\VISHNU SATHEESH\\Project\\node_modules\\@babel\\parser\\src\\parser\\expression.js:356:23)\n    at Parser.parseMaybeAssign (C:\\Users\\VISHNU SATHEESH\\Project\\node_modules\\@babel\\parser\\src\\parser\\expression.js:303:21)\n    at Parser.parseExpressionBase (C:\\Users\\VISHNU SATHEESH\\Project\\node_modules\\@babel\\parser\\src\\parser\\expression.js:228:23)\n    at callback (C:\\Users\\VISHNU SATHEESH\\Project\\node_modules\\@babel\\parser\\src\\parser\\expression.js:221:39)\n    at Parser.allowInAnd (C:\\Users\\VISHNU SATHEESH\\Project\\node_modules\\@babel\\parser\\src\\parser\\expression.js:2958:16)\n    at Parser.parseExpression (C:\\Users\\VISHNU SATHEESH\\Project\\node_modules\\@babel\\parser\\src\\parser\\expression.js:221:17)","trace":[{"column":45,"file":"C:\\Users\\VISHNU SATHEESH\\Project\\node_modules\\@babel\\parser\\src\\parser\\error.js","function":"Parser._raise","line":150,"method":"_raise","native":false},{"column":17,"file":"C:\\Users\\VISHNU SATHEESH\\Project\\node_modules\\@babel\\parser\\src\\parser\\error.js","function":"Parser.raiseWithData","line":145,"method":"raiseWithData","native":false},{"column":17,"file":"C:\\Users\\VISHNU SATHEESH\\Project\\node_modules\\@babel\\parser\\src\\parser\\error.js","function":"Parser.raise","line":89,"method":"raise","native":false},{"column":16,"file":"C:\\Users\\VISHNU SATHEESH\\Project\\node_modules\\@babel\\parser\\src\\parser\\util.js","function":"Parser.unexpected","line":174,"method":"unexpected","native":false},{"column":22,"file":"C:\\Users\\VISHNU SATHEESH\\Project\\node_modules\\@babel\\parser\\src\\parser\\expression.js","function":"Parser.parseExprAtom","line":1309,"method":"parseExprAtom","native":false},{"column":23,"file":"C:\\Users\\VISHNU SATHEESH\\Project\\node_modules\\@babel\\parser\\src\\parser\\expression.js","function":"Parser.parseExprSubscripts","line":682,"method":"parseExprSubscripts","native":false},{"column":21,"file":"C:\\Users\\VISHNU SATHEESH\\Project\\node_modules\\@babel\\parser\\src\\parser\\expression.js","function":"Parser.parseUpdate","line":662,"method":"parseUpdate","native":false},{"column":23,"file":"C:\\Users\\VISHNU SATHEESH\\Project\\node_modules\\@babel\\parser\\src\\parser\\expression.js","function":"Parser.parseMaybeUnary","line":633,"method":"parseMaybeUnary","native":false},{"column":14,"file":"C:\\Users\\VISHNU SATHEESH\\Project\\node_modules\\@babel\\parser\\src\\parser\\expression.js","function":"Parser.parseMaybeUnaryOrPrivate","line":388,"method":"parseMaybeUnaryOrPrivate","native":false},{"column":23,"file":"C:\\Users\\VISHNU SATHEESH\\Project\\node_modules\\@babel\\parser\\src\\parser\\expression.js","function":"Parser.parseExprOps","line":398,"method":"parseExprOps","native":false},{"column":23,"file":"C:\\Users\\VISHNU SATHEESH\\Project\\node_modules\\@babel\\parser\\src\\parser\\expression.js","function":"Parser.parseMaybeConditional","line":356,"method":"parseMaybeConditional","native":false},{"column":21,"file":"C:\\Users\\VISHNU SATHEESH\\Project\\node_modules\\@babel\\parser\\src\\parser\\expression.js","function":"Parser.parseMaybeAssign","line":303,"method":"parseMaybeAssign","native":false},{"column":23,"file":"C:\\Users\\VISHNU SATHEESH\\Project\\node_modules\\@babel\\parser\\src\\parser\\expression.js","function":"Parser.parseExpressionBase","line":228,"method":"parseExpressionBase","native":false},{"column":39,"file":"C:\\Users\\VISHNU SATHEESH\\Project\\node_modules\\@babel\\parser\\src\\parser\\expression.js","function":"callback","line":221,"method":null,"native":false},{"column":16,"file":"C:\\Users\\VISHNU SATHEESH\\Project\\node_modules\\@babel\\parser\\src\\parser\\expression.js","function":"Parser.allowInAnd","line":2958,"method":"allowInAnd","native":false},{"column":17,"file":"C:\\Users\\VISHNU SATHEESH\\Project\\node_modules\\@babel\\parser\\src\\parser\\expression.js","function":"Parser.parseExpression","line":221,"method":"parseExpression","native":false}]}
info: ::1 - - [24/Apr/2022:08:56:41 +0000] "GET /api/v1/book HTTP/1.1" 204 - "-" "PostmanRuntime/7.29.0"

info: ::1 - - [24/Apr/2022:08:59:56 +0000] "GET /api/v1/book HTTP/1.1" 204 - "-" "PostmanRuntime/7.29.0"

info: ::1 - - [24/Apr/2022:09:00:02 +0000] "POST /api/v1/book HTTP/1.1" 409 51 "-" "PostmanRuntime/7.29.0"

info: ::1 - - [24/Apr/2022:09:00:42 +0000] "POST /api/v1/book HTTP/1.1" 201 257 "-" "PostmanRuntime/7.29.0"

info: ::1 - - [24/Apr/2022:09:00:59 +0000] "GET /api/v1/book HTTP/1.1" 204 - "-" "PostmanRuntime/7.29.0"

info: ::1 - - [24/Apr/2022:09:01:53 +0000] "GET /api/v1/book HTTP/1.1" 204 - "-" "PostmanRuntime/7.29.0"

info: ::1 - - [24/Apr/2022:09:03:58 +0000] "GET /api/v1/book HTTP/1.1" 204 - "-" "PostmanRuntime/7.29.0"

info: ::1 - - [24/Apr/2022:09:05:39 +0000] "GET /api/v1/book HTTP/1.1" 204 - "-" "PostmanRuntime/7.29.0"

info: ::1 - - [25/Apr/2022:02:18:27 +0000] "GET /api/v1/book HTTP/1.1" 204 - "-" "PostmanRuntime/7.29.0"

info: ::1 - - [25/Apr/2022:02:23:21 +0000] "GET /api/v1/book HTTP/1.1" 200 1075 "-" "PostmanRuntime/7.29.0"

info: ::1 - - [25/Apr/2022:02:28:19 +0000] "POST /api/v1/book HTTP/1.1" 400 84 "-" "PostmanRuntime/7.29.0"

info: ::1 - - [25/Apr/2022:02:28:58 +0000] "POST /api/v1/book HTTP/1.1" 201 269 "-" "PostmanRuntime/7.29.0"

info: ::1 - - [25/Apr/2022:02:29:15 +0000] "GET /api/v1/book HTTP/1.1" 200 277 "-" "PostmanRuntime/7.29.0"

info: ::1 - - [25/Apr/2022:02:54:02 +0000] "POST /api/v1/book HTTP/1.1" 409 51 "-" "PostmanRuntime/7.29.0"

info: ::1 - - [25/Apr/2022:02:54:33 +0000] "POST /api/v1/book HTTP/1.1" 201 273 "-" "PostmanRuntime/7.29.0"

info: ::1 - - [25/Apr/2022:02:54:43 +0000] "GET /api/v1/book HTTP/1.1" 200 494 "-" "PostmanRuntime/7.29.0"

info: ::1 - - [25/Apr/2022:03:10:51 +0000] "POST /api/v1/users/userregister HTTP/1.1" 201 339 "-" "PostmanRuntime/7.29.0"

info: ::1 - - [25/Apr/2022:03:11:04 +0000] "POST /api/v1/users/login HTTP/1.1" 200 240 "-" "PostmanRuntime/7.29.0"

info: ::1 - - [25/Apr/2022:03:11:21 +0000] "POST /api/v1/users/forgot HTTP/1.1" 500 22 "-" "PostmanRuntime/7.29.0"

info: ::1 - - [25/Apr/2022:03:14:06 +0000] "POST /api/v1/users/forgot HTTP/1.1" 500 22 "-" "PostmanRuntime/7.29.0"

info: ::1 - - [25/Apr/2022:03:15:28 +0000] "POST /api/v1/users/forgot HTTP/1.1" 500 22 "-" "PostmanRuntime/7.29.0"

info: ::1 - - [25/Apr/2022:03:17:37 +0000] "POST /api/v1/users/forgot HTTP/1.1" 500 22 "-" "PostmanRuntime/7.29.0"

info: ::1 - - [25/Apr/2022:03:30:41 +0000] "POST /api/v1/users/forgot HTTP/1.1" - - "-" "PostmanRuntime/7.29.0"

info: ::1 - - [25/Apr/2022:03:41:26 +0000] "POST /api/v1/users/forgot HTTP/1.1" - - "-" "PostmanRuntime/7.29.0"

info: ::1 - - [25/Apr/2022:03:41:32 +0000] "POST /api/v1/users/forgot HTTP/1.1" 200 238 "-" "PostmanRuntime/7.29.0"

error: uncaughtException: Router.use() requires a middleware function but got a Object
TypeError: Router.use() requires a middleware function but got a Object
    at Function.use (C:\Users\VISHNU SATHEESH\Project\BookStore\node_modules\express\lib\router\index.js:464:13)
    at routes (C:\Users\VISHNU SATHEESH\Project\BookStore\src\routes\/index.js:17:10)
    at Object.<anonymous> (C:\Users\VISHNU SATHEESH\Project\BookStore\src\/index.js:32:32)
    at Module._compile (node:internal/modules/cjs/loader:1101:14)
    at Module._compile (C:\Users\VISHNU SATHEESH\Project\node_modules\pirates\lib\index.js:136:24)
    at Module._extensions..js (node:internal/modules/cjs/loader:1153:10)
    at Object.newLoader [as .js] (C:\Users\VISHNU SATHEESH\Project\node_modules\pirates\lib\index.js:141:7)
    at Module.load (node:internal/modules/cjs/loader:981:32)
    at Function.Module._load (node:internal/modules/cjs/loader:822:12)
    at Function.executeUserEntryPoint [as runMain] (node:internal/modules/run_main:81:12)
    at Object.<anonymous> (C:\Users\VISHNU SATHEESH\Project\node_modules\@babel\node\lib\_babel-node.js:176:21)
    at Module._compile (node:internal/modules/cjs/loader:1101:14)
    at Object.Module._extensions..js (node:internal/modules/cjs/loader:1153:10)
    at Module.load (node:internal/modules/cjs/loader:981:32)
    at Function.Module._load (node:internal/modules/cjs/loader:822:12)
    at Function.executeUserEntryPoint [as runMain] (node:internal/modules/run_main:81:12) {"date":"Mon Apr 25 2022 12:35:53 GMT+0530 (India Standard Time)","error":{},"exception":true,"os":{"loadavg":[0,0,0],"uptime":15771},"process":{"argv":["node","C:\\Users\\VISHNU SATHEESH\\Project\\BookStore\\src\\index.js"],"cwd":"C:\\Users\\VISHNU SATHEESH\\Project\\BookStore","execPath":"C:\\Program Files\\nodejs\\node.exe","gid":null,"memoryUsage":{"arrayBuffers":18525242,"external":30752873,"heapTotal":95571968,"heapUsed":64634752,"rss":128831488},"pid":1100,"uid":null,"version":"v16.13.2"},"stack":"TypeError: Router.use() requires a middleware function but got a Object\n    at Function.use (C:\\Users\\VISHNU SATHEESH\\Project\\BookStore\\node_modules\\express\\lib\\router\\index.js:464:13)\n    at routes (C:\\Users\\VISHNU SATHEESH\\Project\\BookStore\\src\\routes\\/index.js:17:10)\n    at Object.<anonymous> (C:\\Users\\VISHNU SATHEESH\\Project\\BookStore\\src\\/index.js:32:32)\n    at Module._compile (node:internal/modules/cjs/loader:1101:14)\n    at Module._compile (C:\\Users\\VISHNU SATHEESH\\Project\\node_modules\\pirates\\lib\\index.js:136:24)\n    at Module._extensions..js (node:internal/modules/cjs/loader:1153:10)\n    at Object.newLoader [as .js] (C:\\Users\\VISHNU SATHEESH\\Project\\node_modules\\pirates\\lib\\index.js:141:7)\n    at Module.load (node:internal/modules/cjs/loader:981:32)\n    at Function.Module._load (node:internal/modules/cjs/loader:822:12)\n    at Function.executeUserEntryPoint [as runMain] (node:internal/modules/run_main:81:12)\n    at Object.<anonymous> (C:\\Users\\VISHNU SATHEESH\\Project\\node_modules\\@babel\\node\\lib\\_babel-node.js:176:21)\n    at Module._compile (node:internal/modules/cjs/loader:1101:14)\n    at Object.Module._extensions..js (node:internal/modules/cjs/loader:1153:10)\n    at Module.load (node:internal/modules/cjs/loader:981:32)\n    at Function.Module._load (node:internal/modules/cjs/loader:822:12)\n    at Function.executeUserEntryPoint [as runMain] (node:internal/modules/run_main:81:12)","trace":[{"column":13,"file":"C:\\Users\\VISHNU SATHEESH\\Project\\BookStore\\node_modules\\express\\lib\\router\\index.js","function":"Function.use","line":464,"method":"use","native":false},{"column":10,"file":"C:\\Users\\VISHNU SATHEESH\\Project\\BookStore\\src\\routes\\/index.js","function":"routes","line":17,"method":null,"native":false},{"column":32,"file":"C:\\Users\\VISHNU SATHEESH\\Project\\BookStore\\src\\/index.js","function":null,"line":32,"method":null,"native":false},{"column":14,"file":"node:internal/modules/cjs/loader","function":"Module._compile","line":1101,"method":"_compile","native":false},{"column":24,"file":"C:\\Users\\VISHNU SATHEESH\\Project\\node_modules\\pirates\\lib\\index.js","function":"Module._compile","line":136,"method":"_compile","native":false},{"column":10,"file":"node:internal/modules/cjs/loader","function":"Module._extensions..js","line":1153,"method":".js","native":false},{"column":7,"file":"C:\\Users\\VISHNU SATHEESH\\Project\\node_modules\\pirates\\lib\\index.js","function":"Object.newLoader [as .js]","line":141,"method":"js]","native":false},{"column":32,"file":"node:internal/modules/cjs/loader","function":"Module.load","line":981,"method":"load","native":false},{"column":12,"file":"node:internal/modules/cjs/loader","function":"Module._load","line":822,"method":"_load","native":false},{"column":12,"file":"node:internal/modules/run_main","function":"Function.executeUserEntryPoint [as runMain]","line":81,"method":"executeUserEntryPoint [as runMain]","native":false},{"column":21,"file":"C:\\Users\\VISHNU SATHEESH\\Project\\node_modules\\@babel\\node\\lib\\_babel-node.js","function":null,"line":176,"method":null,"native":false},{"column":14,"file":"node:internal/modules/cjs/loader","function":"Module._compile","line":1101,"method":"_compile","native":false},{"column":10,"file":"node:internal/modules/cjs/loader","function":"Module._extensions..js","line":1153,"method":".js","native":false},{"column":32,"file":"node:internal/modules/cjs/loader","function":"Module.load","line":981,"method":"load","native":false},{"column":12,"file":"node:internal/modules/cjs/loader","function":"Module._load","line":822,"method":"_load","native":false},{"column":12,"file":"node:internal/modules/run_main","function":"Function.executeUserEntryPoint [as runMain]","line":81,"method":"executeUserEntryPoint [as runMain]","native":false}]}
error: uncaughtException: Router.use() requires a middleware function but got a Object
TypeError: Router.use() requires a middleware function but got a Object
    at Function.use (C:\Users\VISHNU SATHEESH\Project\BookStore\node_modules\express\lib\router\index.js:464:13)
    at routes (C:\Users\VISHNU SATHEESH\Project\BookStore\src\routes\/index.js:17:10)
    at Object.<anonymous> (C:\Users\VISHNU SATHEESH\Project\BookStore\src\/index.js:32:32)
    at Module._compile (node:internal/modules/cjs/loader:1101:14)
    at Module._compile (C:\Users\VISHNU SATHEESH\Project\node_modules\pirates\lib\index.js:136:24)
    at Module._extensions..js (node:internal/modules/cjs/loader:1153:10)
    at Object.newLoader [as .js] (C:\Users\VISHNU SATHEESH\Project\node_modules\pirates\lib\index.js:141:7)
    at Module.load (node:internal/modules/cjs/loader:981:32)
    at Function.Module._load (node:internal/modules/cjs/loader:822:12)
    at Function.executeUserEntryPoint [as runMain] (node:internal/modules/run_main:81:12)
    at Object.<anonymous> (C:\Users\VISHNU SATHEESH\Project\node_modules\@babel\node\lib\_babel-node.js:176:21)
    at Module._compile (node:internal/modules/cjs/loader:1101:14)
    at Object.Module._extensions..js (node:internal/modules/cjs/loader:1153:10)
    at Module.load (node:internal/modules/cjs/loader:981:32)
    at Function.Module._load (node:internal/modules/cjs/loader:822:12)
    at Function.executeUserEntryPoint [as runMain] (node:internal/modules/run_main:81:12) {"date":"Mon Apr 25 2022 12:36:02 GMT+0530 (India Standard Time)","error":{},"exception":true,"os":{"loadavg":[0,0,0],"uptime":15779},"process":{"argv":["node","C:\\Users\\VISHNU SATHEESH\\Project\\BookStore\\src\\index.js"],"cwd":"C:\\Users\\VISHNU SATHEESH\\Project\\BookStore","execPath":"C:\\Program Files\\nodejs\\node.exe","gid":null,"memoryUsage":{"arrayBuffers":18525244,"external":30137795,"heapTotal":95571968,"heapUsed":64018744,"rss":128798720},"pid":14156,"uid":null,"version":"v16.13.2"},"stack":"TypeError: Router.use() requires a middleware function but got a Object\n    at Function.use (C:\\Users\\VISHNU SATHEESH\\Project\\BookStore\\node_modules\\express\\lib\\router\\index.js:464:13)\n    at routes (C:\\Users\\VISHNU SATHEESH\\Project\\BookStore\\src\\routes\\/index.js:17:10)\n    at Object.<anonymous> (C:\\Users\\VISHNU SATHEESH\\Project\\BookStore\\src\\/index.js:32:32)\n    at Module._compile (node:internal/modules/cjs/loader:1101:14)\n    at Module._compile (C:\\Users\\VISHNU SATHEESH\\Project\\node_modules\\pirates\\lib\\index.js:136:24)\n    at Module._extensions..js (node:internal/modules/cjs/loader:1153:10)\n    at Object.newLoader [as .js] (C:\\Users\\VISHNU SATHEESH\\Project\\node_modules\\pirates\\lib\\index.js:141:7)\n    at Module.load (node:internal/modules/cjs/loader:981:32)\n    at Function.Module._load (node:internal/modules/cjs/loader:822:12)\n    at Function.executeUserEntryPoint [as runMain] (node:internal/modules/run_main:81:12)\n    at Object.<anonymous> (C:\\Users\\VISHNU SATHEESH\\Project\\node_modules\\@babel\\node\\lib\\_babel-node.js:176:21)\n    at Module._compile (node:internal/modules/cjs/loader:1101:14)\n    at Object.Module._extensions..js (node:internal/modules/cjs/loader:1153:10)\n    at Module.load (node:internal/modules/cjs/loader:981:32)\n    at Function.Module._load (node:internal/modules/cjs/loader:822:12)\n    at Function.executeUserEntryPoint [as runMain] (node:internal/modules/run_main:81:12)","trace":[{"column":13,"file":"C:\\Users\\VISHNU SATHEESH\\Project\\BookStore\\node_modules\\express\\lib\\router\\index.js","function":"Function.use","line":464,"method":"use","native":false},{"column":10,"file":"C:\\Users\\VISHNU SATHEESH\\Project\\BookStore\\src\\routes\\/index.js","function":"routes","line":17,"method":null,"native":false},{"column":32,"file":"C:\\Users\\VISHNU SATHEESH\\Project\\BookStore\\src\\/index.js","function":null,"line":32,"method":null,"native":false},{"column":14,"file":"node:internal/modules/cjs/loader","function":"Module._compile","line":1101,"method":"_compile","native":false},{"column":24,"file":"C:\\Users\\VISHNU SATHEESH\\Project\\node_modules\\pirates\\lib\\index.js","function":"Module._compile","line":136,"method":"_compile","native":false},{"column":10,"file":"node:internal/modules/cjs/loader","function":"Module._extensions..js","line":1153,"method":".js","native":false},{"column":7,"file":"C:\\Users\\VISHNU SATHEESH\\Project\\node_modules\\pirates\\lib\\index.js","function":"Object.newLoader [as .js]","line":141,"method":"js]","native":false},{"column":32,"file":"node:internal/modules/cjs/loader","function":"Module.load","line":981,"method":"load","native":false},{"column":12,"file":"node:internal/modules/cjs/loader","function":"Module._load","line":822,"method":"_load","native":false},{"column":12,"file":"node:internal/modules/run_main","function":"Function.executeUserEntryPoint [as runMain]","line":81,"method":"executeUserEntryPoint [as runMain]","native":false},{"column":21,"file":"C:\\Users\\VISHNU SATHEESH\\Project\\node_modules\\@babel\\node\\lib\\_babel-node.js","function":null,"line":176,"method":null,"native":false},{"column":14,"file":"node:internal/modules/cjs/loader","function":"Module._compile","line":1101,"method":"_compile","native":false},{"column":10,"file":"node:internal/modules/cjs/loader","function":"Module._extensions..js","line":1153,"method":".js","native":false},{"column":32,"file":"node:internal/modules/cjs/loader","function":"Module.load","line":981,"method":"load","native":false},{"column":12,"file":"node:internal/modules/cjs/loader","function":"Module._load","line":822,"method":"_load","native":false},{"column":12,"file":"node:internal/modules/run_main","function":"Function.executeUserEntryPoint [as runMain]","line":81,"method":"executeUserEntryPoint [as runMain]","native":false}]}
error: uncaughtException: Router.use() requires a middleware function but got a Object
TypeError: Router.use() requires a middleware function but got a Object
    at Function.use (C:\Users\VISHNU SATHEESH\Project\BookStore\node_modules\express\lib\router\index.js:464:13)
    at routes (C:\Users\VISHNU SATHEESH\Project\BookStore\src\routes\/index.js:17:10)
    at Object.<anonymous> (C:\Users\VISHNU SATHEESH\Project\BookStore\src\/index.js:32:32)
    at Module._compile (node:internal/modules/cjs/loader:1101:14)
    at Module._compile (C:\Users\VISHNU SATHEESH\Project\node_modules\pirates\lib\index.js:136:24)
    at Module._extensions..js (node:internal/modules/cjs/loader:1153:10)
    at Object.newLoader [as .js] (C:\Users\VISHNU SATHEESH\Project\node_modules\pirates\lib\index.js:141:7)
    at Module.load (node:internal/modules/cjs/loader:981:32)
    at Function.Module._load (node:internal/modules/cjs/loader:822:12)
    at Function.executeUserEntryPoint [as runMain] (node:internal/modules/run_main:81:12)
    at Object.<anonymous> (C:\Users\VISHNU SATHEESH\Project\node_modules\@babel\node\lib\_babel-node.js:176:21)
    at Module._compile (node:internal/modules/cjs/loader:1101:14)
    at Object.Module._extensions..js (node:internal/modules/cjs/loader:1153:10)
    at Module.load (node:internal/modules/cjs/loader:981:32)
    at Function.Module._load (node:internal/modules/cjs/loader:822:12)
    at Function.executeUserEntryPoint [as runMain] (node:internal/modules/run_main:81:12) {"date":"Mon Apr 25 2022 12:36:12 GMT+0530 (India Standard Time)","error":{},"exception":true,"os":{"loadavg":[0,0,0],"uptime":15790},"process":{"argv":["node","C:\\Users\\VISHNU SATHEESH\\Project\\BookStore\\src\\index.js"],"cwd":"C:\\Users\\VISHNU SATHEESH\\Project\\BookStore","execPath":"C:\\Program Files\\nodejs\\node.exe","gid":null,"memoryUsage":{"arrayBuffers":18377790,"external":23830338,"heapTotal":100028416,"heapUsed":64374432,"rss":133193728},"pid":10644,"uid":null,"version":"v16.13.2"},"stack":"TypeError: Router.use() requires a middleware function but got a Object\n    at Function.use (C:\\Users\\VISHNU SATHEESH\\Project\\BookStore\\node_modules\\express\\lib\\router\\index.js:464:13)\n    at routes (C:\\Users\\VISHNU SATHEESH\\Project\\BookStore\\src\\routes\\/index.js:17:10)\n    at Object.<anonymous> (C:\\Users\\VISHNU SATHEESH\\Project\\BookStore\\src\\/index.js:32:32)\n    at Module._compile (node:internal/modules/cjs/loader:1101:14)\n    at Module._compile (C:\\Users\\VISHNU SATHEESH\\Project\\node_modules\\pirates\\lib\\index.js:136:24)\n    at Module._extensions..js (node:internal/modules/cjs/loader:1153:10)\n    at Object.newLoader [as .js] (C:\\Users\\VISHNU SATHEESH\\Project\\node_modules\\pirates\\lib\\index.js:141:7)\n    at Module.load (node:internal/modules/cjs/loader:981:32)\n    at Function.Module._load (node:internal/modules/cjs/loader:822:12)\n    at Function.executeUserEntryPoint [as runMain] (node:internal/modules/run_main:81:12)\n    at Object.<anonymous> (C:\\Users\\VISHNU SATHEESH\\Project\\node_modules\\@babel\\node\\lib\\_babel-node.js:176:21)\n    at Module._compile (node:internal/modules/cjs/loader:1101:14)\n    at Object.Module._extensions..js (node:internal/modules/cjs/loader:1153:10)\n    at Module.load (node:internal/modules/cjs/loader:981:32)\n    at Function.Module._load (node:internal/modules/cjs/loader:822:12)\n    at Function.executeUserEntryPoint [as runMain] (node:internal/modules/run_main:81:12)","trace":[{"column":13,"file":"C:\\Users\\VISHNU SATHEESH\\Project\\BookStore\\node_modules\\express\\lib\\router\\index.js","function":"Function.use","line":464,"method":"use","native":false},{"column":10,"file":"C:\\Users\\VISHNU SATHEESH\\Project\\BookStore\\src\\routes\\/index.js","function":"routes","line":17,"method":null,"native":false},{"column":32,"file":"C:\\Users\\VISHNU SATHEESH\\Project\\BookStore\\src\\/index.js","function":null,"line":32,"method":null,"native":false},{"column":14,"file":"node:internal/modules/cjs/loader","function":"Module._compile","line":1101,"method":"_compile","native":false},{"column":24,"file":"C:\\Users\\VISHNU SATHEESH\\Project\\node_modules\\pirates\\lib\\index.js","function":"Module._compile","line":136,"method":"_compile","native":false},{"column":10,"file":"node:internal/modules/cjs/loader","function":"Module._extensions..js","line":1153,"method":".js","native":false},{"column":7,"file":"C:\\Users\\VISHNU SATHEESH\\Project\\node_modules\\pirates\\lib\\index.js","function":"Object.newLoader [as .js]","line":141,"method":"js]","native":false},{"column":32,"file":"node:internal/modules/cjs/loader","function":"Module.load","line":981,"method":"load","native":false},{"column":12,"file":"node:internal/modules/cjs/loader","function":"Module._load","line":822,"method":"_load","native":false},{"column":12,"file":"node:internal/modules/run_main","function":"Function.executeUserEntryPoint [as runMain]","line":81,"method":"executeUserEntryPoint [as runMain]","native":false},{"column":21,"file":"C:\\Users\\VISHNU SATHEESH\\Project\\node_modules\\@babel\\node\\lib\\_babel-node.js","function":null,"line":176,"method":null,"native":false},{"column":14,"file":"node:internal/modules/cjs/loader","function":"Module._compile","line":1101,"method":"_compile","native":false},{"column":10,"file":"node:internal/modules/cjs/loader","function":"Module._extensions..js","line":1153,"method":".js","native":false},{"column":32,"file":"node:internal/modules/cjs/loader","function":"Module.load","line":981,"method":"load","native":false},{"column":12,"file":"node:internal/modules/cjs/loader","function":"Module._load","line":822,"method":"_load","native":false},{"column":12,"file":"node:internal/modules/run_main","function":"Function.executeUserEntryPoint [as runMain]","line":81,"method":"executeUserEntryPoint [as runMain]","native":false}]}
error: uncaughtException: Router.use() requires a middleware function but got a Object
TypeError: Router.use() requires a middleware function but got a Object
    at Function.use (C:\Users\VISHNU SATHEESH\Project\BookStore\node_modules\express\lib\router\index.js:464:13)
    at routes (C:\Users\VISHNU SATHEESH\Project\BookStore\src\routes\/index.js:17:10)
    at Object.<anonymous> (C:\Users\VISHNU SATHEESH\Project\BookStore\src\/index.js:32:32)
    at Module._compile (node:internal/modules/cjs/loader:1101:14)
    at Module._compile (C:\Users\VISHNU SATHEESH\Project\node_modules\pirates\lib\index.js:136:24)
    at Module._extensions..js (node:internal/modules/cjs/loader:1153:10)
    at Object.newLoader [as .js] (C:\Users\VISHNU SATHEESH\Project\node_modules\pirates\lib\index.js:141:7)
    at Module.load (node:internal/modules/cjs/loader:981:32)
    at Function.Module._load (node:internal/modules/cjs/loader:822:12)
    at Function.executeUserEntryPoint [as runMain] (node:internal/modules/run_main:81:12)
    at Object.<anonymous> (C:\Users\VISHNU SATHEESH\Project\node_modules\@babel\node\lib\_babel-node.js:176:21)
    at Module._compile (node:internal/modules/cjs/loader:1101:14)
    at Object.Module._extensions..js (node:internal/modules/cjs/loader:1153:10)
    at Module.load (node:internal/modules/cjs/loader:981:32)
    at Function.Module._load (node:internal/modules/cjs/loader:822:12)
    at Function.executeUserEntryPoint [as runMain] (node:internal/modules/run_main:81:12) {"date":"Mon Apr 25 2022 12:36:30 GMT+0530 (India Standard Time)","error":{},"exception":true,"os":{"loadavg":[0,0,0],"uptime":15807},"process":{"argv":["node","C:\\Users\\VISHNU SATHEESH\\Project\\BookStore\\src\\index.js"],"cwd":"C:\\Users\\VISHNU SATHEESH\\Project\\BookStore","execPath":"C:\\Program Files\\nodejs\\node.exe","gid":null,"memoryUsage":{"arrayBuffers":18385980,"external":30762860,"heapTotal":99766272,"heapUsed":62733176,"rss":132214784},"pid":12996,"uid":null,"version":"v16.13.2"},"stack":"TypeError: Router.use() requires a middleware function but got a Object\n    at Function.use (C:\\Users\\VISHNU SATHEESH\\Project\\BookStore\\node_modules\\express\\lib\\router\\index.js:464:13)\n    at routes (C:\\Users\\VISHNU SATHEESH\\Project\\BookStore\\src\\routes\\/index.js:17:10)\n    at Object.<anonymous> (C:\\Users\\VISHNU SATHEESH\\Project\\BookStore\\src\\/index.js:32:32)\n    at Module._compile (node:internal/modules/cjs/loader:1101:14)\n    at Module._compile (C:\\Users\\VISHNU SATHEESH\\Project\\node_modules\\pirates\\lib\\index.js:136:24)\n    at Module._extensions..js (node:internal/modules/cjs/loader:1153:10)\n    at Object.newLoader [as .js] (C:\\Users\\VISHNU SATHEESH\\Project\\node_modules\\pirates\\lib\\index.js:141:7)\n    at Module.load (node:internal/modules/cjs/loader:981:32)\n    at Function.Module._load (node:internal/modules/cjs/loader:822:12)\n    at Function.executeUserEntryPoint [as runMain] (node:internal/modules/run_main:81:12)\n    at Object.<anonymous> (C:\\Users\\VISHNU SATHEESH\\Project\\node_modules\\@babel\\node\\lib\\_babel-node.js:176:21)\n    at Module._compile (node:internal/modules/cjs/loader:1101:14)\n    at Object.Module._extensions..js (node:internal/modules/cjs/loader:1153:10)\n    at Module.load (node:internal/modules/cjs/loader:981:32)\n    at Function.Module._load (node:internal/modules/cjs/loader:822:12)\n    at Function.executeUserEntryPoint [as runMain] (node:internal/modules/run_main:81:12)","trace":[{"column":13,"file":"C:\\Users\\VISHNU SATHEESH\\Project\\BookStore\\node_modules\\express\\lib\\router\\index.js","function":"Function.use","line":464,"method":"use","native":false},{"column":10,"file":"C:\\Users\\VISHNU SATHEESH\\Project\\BookStore\\src\\routes\\/index.js","function":"routes","line":17,"method":null,"native":false},{"column":32,"file":"C:\\Users\\VISHNU SATHEESH\\Project\\BookStore\\src\\/index.js","function":null,"line":32,"method":null,"native":false},{"column":14,"file":"node:internal/modules/cjs/loader","function":"Module._compile","line":1101,"method":"_compile","native":false},{"column":24,"file":"C:\\Users\\VISHNU SATHEESH\\Project\\node_modules\\pirates\\lib\\index.js","function":"Module._compile","line":136,"method":"_compile","native":false},{"column":10,"file":"node:internal/modules/cjs/loader","function":"Module._extensions..js","line":1153,"method":".js","native":false},{"column":7,"file":"C:\\Users\\VISHNU SATHEESH\\Project\\node_modules\\pirates\\lib\\index.js","function":"Object.newLoader [as .js]","line":141,"method":"js]","native":false},{"column":32,"file":"node:internal/modules/cjs/loader","function":"Module.load","line":981,"method":"load","native":false},{"column":12,"file":"node:internal/modules/cjs/loader","function":"Module._load","line":822,"method":"_load","native":false},{"column":12,"file":"node:internal/modules/run_main","function":"Function.executeUserEntryPoint [as runMain]","line":81,"method":"executeUserEntryPoint [as runMain]","native":false},{"column":21,"file":"C:\\Users\\VISHNU SATHEESH\\Project\\node_modules\\@babel\\node\\lib\\_babel-node.js","function":null,"line":176,"method":null,"native":false},{"column":14,"file":"node:internal/modules/cjs/loader","function":"Module._compile","line":1101,"method":"_compile","native":false},{"column":10,"file":"node:internal/modules/cjs/loader","function":"Module._extensions..js","line":1153,"method":".js","native":false},{"column":32,"file":"node:internal/modules/cjs/loader","function":"Module.load","line":981,"method":"load","native":false},{"column":12,"file":"node:internal/modules/cjs/loader","function":"Module._load","line":822,"method":"_load","native":false},{"column":12,"file":"node:internal/modules/run_main","function":"Function.executeUserEntryPoint [as runMain]","line":81,"method":"executeUserEntryPoint [as runMain]","native":false}]}
error: uncaughtException: Router.use() requires a middleware function but got a Object
TypeError: Router.use() requires a middleware function but got a Object
    at Function.use (C:\Users\VISHNU SATHEESH\Project\BookStore\node_modules\express\lib\router\index.js:464:13)
    at routes (C:\Users\VISHNU SATHEESH\Project\BookStore\src\routes\/index.js:17:10)
    at Object.<anonymous> (C:\Users\VISHNU SATHEESH\Project\BookStore\src\/index.js:32:32)
    at Module._compile (node:internal/modules/cjs/loader:1101:14)
    at Module._compile (C:\Users\VISHNU SATHEESH\Project\node_modules\pirates\lib\index.js:136:24)
    at Module._extensions..js (node:internal/modules/cjs/loader:1153:10)
    at Object.newLoader [as .js] (C:\Users\VISHNU SATHEESH\Project\node_modules\pirates\lib\index.js:141:7)
    at Module.load (node:internal/modules/cjs/loader:981:32)
    at Function.Module._load (node:internal/modules/cjs/loader:822:12)
    at Function.executeUserEntryPoint [as runMain] (node:internal/modules/run_main:81:12)
    at Object.<anonymous> (C:\Users\VISHNU SATHEESH\Project\node_modules\@babel\node\lib\_babel-node.js:176:21)
    at Module._compile (node:internal/modules/cjs/loader:1101:14)
    at Object.Module._extensions..js (node:internal/modules/cjs/loader:1153:10)
    at Module.load (node:internal/modules/cjs/loader:981:32)
    at Function.Module._load (node:internal/modules/cjs/loader:822:12)
    at Function.executeUserEntryPoint [as runMain] (node:internal/modules/run_main:81:12) {"date":"Mon Apr 25 2022 12:36:36 GMT+0530 (India Standard Time)","error":{},"exception":true,"os":{"loadavg":[0,0,0],"uptime":15813},"process":{"argv":["node","C:\\Users\\VISHNU SATHEESH\\Project\\BookStore\\src\\index.js"],"cwd":"C:\\Users\\VISHNU SATHEESH\\Project\\BookStore","execPath":"C:\\Program Files\\nodejs\\node.exe","gid":null,"memoryUsage":{"arrayBuffers":18385978,"external":30796836,"heapTotal":99504128,"heapUsed":63291456,"rss":131842048},"pid":2500,"uid":null,"version":"v16.13.2"},"stack":"TypeError: Router.use() requires a middleware function but got a Object\n    at Function.use (C:\\Users\\VISHNU SATHEESH\\Project\\BookStore\\node_modules\\express\\lib\\router\\index.js:464:13)\n    at routes (C:\\Users\\VISHNU SATHEESH\\Project\\BookStore\\src\\routes\\/index.js:17:10)\n    at Object.<anonymous> (C:\\Users\\VISHNU SATHEESH\\Project\\BookStore\\src\\/index.js:32:32)\n    at Module._compile (node:internal/modules/cjs/loader:1101:14)\n    at Module._compile (C:\\Users\\VISHNU SATHEESH\\Project\\node_modules\\pirates\\lib\\index.js:136:24)\n    at Module._extensions..js (node:internal/modules/cjs/loader:1153:10)\n    at Object.newLoader [as .js] (C:\\Users\\VISHNU SATHEESH\\Project\\node_modules\\pirates\\lib\\index.js:141:7)\n    at Module.load (node:internal/modules/cjs/loader:981:32)\n    at Function.Module._load (node:internal/modules/cjs/loader:822:12)\n    at Function.executeUserEntryPoint [as runMain] (node:internal/modules/run_main:81:12)\n    at Object.<anonymous> (C:\\Users\\VISHNU SATHEESH\\Project\\node_modules\\@babel\\node\\lib\\_babel-node.js:176:21)\n    at Module._compile (node:internal/modules/cjs/loader:1101:14)\n    at Object.Module._extensions..js (node:internal/modules/cjs/loader:1153:10)\n    at Module.load (node:internal/modules/cjs/loader:981:32)\n    at Function.Module._load (node:internal/modules/cjs/loader:822:12)\n    at Function.executeUserEntryPoint [as runMain] (node:internal/modules/run_main:81:12)","trace":[{"column":13,"file":"C:\\Users\\VISHNU SATHEESH\\Project\\BookStore\\node_modules\\express\\lib\\router\\index.js","function":"Function.use","line":464,"method":"use","native":false},{"column":10,"file":"C:\\Users\\VISHNU SATHEESH\\Project\\BookStore\\src\\routes\\/index.js","function":"routes","line":17,"method":null,"native":false},{"column":32,"file":"C:\\Users\\VISHNU SATHEESH\\Project\\BookStore\\src\\/index.js","function":null,"line":32,"method":null,"native":false},{"column":14,"file":"node:internal/modules/cjs/loader","function":"Module._compile","line":1101,"method":"_compile","native":false},{"column":24,"file":"C:\\Users\\VISHNU SATHEESH\\Project\\node_modules\\pirates\\lib\\index.js","function":"Module._compile","line":136,"method":"_compile","native":false},{"column":10,"file":"node:internal/modules/cjs/loader","function":"Module._extensions..js","line":1153,"method":".js","native":false},{"column":7,"file":"C:\\Users\\VISHNU SATHEESH\\Project\\node_modules\\pirates\\lib\\index.js","function":"Object.newLoader [as .js]","line":141,"method":"js]","native":false},{"column":32,"file":"node:internal/modules/cjs/loader","function":"Module.load","line":981,"method":"load","native":false},{"column":12,"file":"node:internal/modules/cjs/loader","function":"Module._load","line":822,"method":"_load","native":false},{"column":12,"file":"node:internal/modules/run_main","function":"Function.executeUserEntryPoint [as runMain]","line":81,"method":"executeUserEntryPoint [as runMain]","native":false},{"column":21,"file":"C:\\Users\\VISHNU SATHEESH\\Project\\node_modules\\@babel\\node\\lib\\_babel-node.js","function":null,"line":176,"method":null,"native":false},{"column":14,"file":"node:internal/modules/cjs/loader","function":"Module._compile","line":1101,"method":"_compile","native":false},{"column":10,"file":"node:internal/modules/cjs/loader","function":"Module._extensions..js","line":1153,"method":".js","native":false},{"column":32,"file":"node:internal/modules/cjs/loader","function":"Module.load","line":981,"method":"load","native":false},{"column":12,"file":"node:internal/modules/cjs/loader","function":"Module._load","line":822,"method":"_load","native":false},{"column":12,"file":"node:internal/modules/run_main","function":"Function.executeUserEntryPoint [as runMain]","line":81,"method":"executeUserEntryPoint [as runMain]","native":false}]}
